2013-03-05 11:22:41.615 INFO  [o.v.h.t.SPARQLTranslator] SPARQLTranslator: Start
2013-03-05 11:22:41.618 DEBUG [o.v.h.u.a.ArgList] running SPARQLTranslator
2013-03-05 11:22:41.619 DEBUG [o.v.h.u.a.ArgList] command line args: -X departments-url.config.xml
2013-03-05 11:22:41.624 DEBUG [o.v.h.u.a.ArgList] config file args: --input harvested-data.model.xml --input vivo.model.xml --sparqlConstruct url-query --output vivo.model.xml
2013-03-05 11:22:41.630 TRACE [o.v.h.u.r.MemJenaConnect] attempting to create temp file for: urn&#58;x-arq&#58;UnionGraph
2013-03-05 11:22:41.658 TRACE [o.v.h.u.FileAide] Allocating temporary file space /var/folders/lj/qj39hmyx0_n2syq8ht7bdlym0000gp/T/urn&#58;x-arq&#58;UnionGraph4358889582604602944.tdb  
2013-03-05 11:22:41.658 TRACE [o.v.h.u.r.MemJenaConnect] created: /var/folders/lj/qj39hmyx0_n2syq8ht7bdlym0000gp/T/urn&#58;x-arq&#58;UnionGraph4358889582604602944.tdb
2013-03-05 11:22:42.178 TRACE [o.v.h.u.r.JenaConnect] 'dbDir' - '/Users/stwi5210/Source/fis-harvester/departments/data/harvested-data/'
2013-03-05 11:22:42.178 TRACE [o.v.h.u.r.JenaConnect] 'type' - 'tdb'
2013-03-05 11:22:42.568 TRACE [o.v.h.t.SPARQLTranslator] Input Model http://vivoweb.org/harvester/model/translate/model1 with 858 statements
2013-03-05 11:22:42.571 TRACE [o.v.h.u.r.JenaConnect] 'dbLayout' - 'layout2'
2013-03-05 11:22:42.571 TRACE [o.v.h.u.r.JenaConnect] 'modelName' - 'http://vitro.mannlib.cornell.edu/a/graph/ws_d_construct'
2013-03-05 11:22:42.571 TRACE [o.v.h.u.r.JenaConnect] 'dbUrl' - 'jdbc:mysql://127.0.0.1:3306/uccs_vivo'
2013-03-05 11:22:42.571 TRACE [o.v.h.u.r.JenaConnect] 'dbClass' - 'com.mysql.jdbc.Driver'
2013-03-05 11:22:42.571 TRACE [o.v.h.u.r.JenaConnect] 'dbType' - 'MySQL'
2013-03-05 11:22:42.571 TRACE [o.v.h.u.r.JenaConnect] 'type' - 'sdb'
2013-03-05 11:22:42.908 TRACE [o.v.h.t.SPARQLTranslator] Input Model http://vivoweb.org/harvester/model/translate/model2 with 356 statements
2013-03-05 11:22:42.912 TRACE [o.v.h.u.r.JenaConnect] 'dbLayout' - 'layout2'
2013-03-05 11:22:42.913 TRACE [o.v.h.u.r.JenaConnect] 'modelName' - 'http://vitro.mannlib.cornell.edu/a/graph/ws_d_construct'
2013-03-05 11:22:42.913 TRACE [o.v.h.u.r.JenaConnect] 'dbUrl' - 'jdbc:mysql://127.0.0.1:3306/uccs_vivo'
2013-03-05 11:22:42.913 TRACE [o.v.h.u.r.JenaConnect] 'dbClass' - 'com.mysql.jdbc.Driver'
2013-03-05 11:22:42.913 TRACE [o.v.h.u.r.JenaConnect] 'dbType' - 'MySQL'
2013-03-05 11:22:42.913 TRACE [o.v.h.u.r.JenaConnect] 'type' - 'sdb'
2013-03-05 11:22:42.947 TRACE [o.v.h.t.SPARQLTranslator] PREFIX rdf:   <http://www.w3.org/1999/02/22-rdf-syntax-ns#>  PREFIX vitro: <http://vitro.mannlib.cornell.edu/ns/vitro/0.7#>  PREFIX vivo: <http://vivoweb.org/ontology/core#>   Construct {     _:Link rdf:type vivo:URLLink .       _:Link vitro:mostSpecificType vivo:URLLink .       _:Link vivo:linkURI ?url .       _:Link vivo:linkAnchorText "Webpage" .       ?dept vivo:webpage _:Link .       _:Link vivo:webpageOf ?dept  }  Where {     ?dept a <http://vivo.colorado.edu/ws_d_DEPT> .       ?dept <http://vivo.colorado.edu/ws_d_WEBPAGE> ?url .  }
2013-03-05 11:22:42.985 TRACE [o.v.h.t.SPARQLTranslator] Input Jena's Total Size: 1214
2013-03-05 11:22:42.986 DEBUG [o.v.h.t.SPARQLTranslator] Executing Query
2013-03-05 11:22:42.986 TRACE [o.v.h.u.r.MemJenaConnect] attempting to create temp file for: DEFAULT975393023
2013-03-05 11:22:42.986 TRACE [o.v.h.u.FileAide] Allocating temporary file space /var/folders/lj/qj39hmyx0_n2syq8ht7bdlym0000gp/T/DEFAULT9753930231906989649261844344.tdb  
2013-03-05 11:22:42.986 TRACE [o.v.h.u.r.MemJenaConnect] created: /var/folders/lj/qj39hmyx0_n2syq8ht7bdlym0000gp/T/DEFAULT9753930231906989649261844344.tdb
2013-03-05 11:22:43.404 DEBUG [o.v.h.t.SPARQLTranslator] <?xml version="1.0"?>
<rdf:RDF
    xmlns:geo="http://aims.fao.org/aos/geopolitical.owl#"
    xmlns:skos="http://www.w3.org/2004/02/skos/core#"
    xmlns:ero="http://purl.obolibrary.org/obo/"
    xmlns:event="http://purl.org/NET/c4dm/event.owl#"
    xmlns:fn="http://www.w3.org/2005/xpath-functions#"
    xmlns:pvs="http://vivoweb.org/ontology/provenance-support#"
    xmlns:dcelem="http://purl.org/dc/elements/1.1/"
    xmlns:core="http://vivoweb.org/ontology/core#"
    xmlns:swrlb="http://www.w3.org/2003/11/swrlb#"
    xmlns:vitro="http://vitro.mannlib.cornell.edu/ns/vitro/0.7#"
    xmlns:rdf="http://www.w3.org/1999/02/22-rdf-syntax-ns#"
    xmlns:bibo="http://purl.org/ontology/bibo/"
    xmlns:foaf="http://xmlns.com/foaf/0.1/"
    xmlns:owl="http://www.w3.org/2002/07/owl#"
    xmlns:dcterms="http://purl.org/dc/terms/"
    xmlns:scires="http://vivoweb.org/ontology/scientific-research#"
    xmlns:xsd="http://www.w3.org/2001/XMLSchema#"
    xmlns:swrl="http://www.w3.org/2003/11/swrl#"
    xmlns:vlocal="http://vivo.colorado.edu/ontology/vivo-fis#"
    xmlns:rdfs="http://www.w3.org/2000/01/rdf-schema#" > 
  <rdf:Description rdf:about="http://vivo.colorado.edu/deptid_10036">
    <rdf:type rdf:resource="http://vivoweb.org/ontology/core#Department"/>
    <vlocal:deptId>10036</vlocal:deptId>
    <vitro:mostSpecificType rdf:resource="http://vivoweb.org/ontology/core#Department"/>
    <rdfs:label>Undergraduate Education</rdfs:label>
  </rdf:Description>
  <rdf:Description rdf:about="http://vivo.colorado.edu/deptid_10420">
    <rdf:type rdf:resource="http://vivoweb.org/ontology/core#Department"/>
    <vlocal:deptId>10420</vlocal:deptId>
    <vitro:mostSpecificType rdf:resource="http://vivoweb.org/ontology/core#Department"/>
    <rdfs:label>International Education</rdfs:label>
  </rdf:Description>
  <rdf:Description rdf:about="http://vivo.colorado.edu/deptid_10112">
    <rdf:type rdf:resource="http://vivoweb.org/ontology/core#Museum"/>
    <vlocal:deptId>10112</vlocal:deptId>
    <vitro:mostSpecificType rdf:resource="http://vivoweb.org/ontology/core#Museum"/>
    <rdfs:label>University of Colorado Museum of Natural History</rdfs:label>
  </rdf:Description>
  <rdf:Description rdf:about="http://vivo.colorado.edu/deptid_10106">
    <rdf:type rdf:resource="http://vivoweb.org/ontology/core#Institute"/>
    <vlocal:deptId>10106</vlocal:deptId>
    <vitro:mostSpecificType rdf:resource="http://vivoweb.org/ontology/core#Institute"/>
    <rdfs:label>JILA</rdfs:label>
  </rdf:Description>
  <rdf:Description rdf:about="http://vivo.colorado.edu/deptid_10156">
    <rdf:type rdf:resource="http://vivoweb.org/ontology/core#Department"/>
    <vlocal:deptId>10156</vlocal:deptId>
    <vitro:mostSpecificType rdf:resource="http://vivoweb.org/ontology/core#Department"/>
    <rdfs:label>Faculty Council, A&amp;S</rdfs:label>
  </rdf:Description>
  <rdf:Description rdf:about="http://vivo.colorado.edu/deptid_10079">
    <rdf:type rdf:resource="http://vivoweb.org/ontology/core#Institute"/>
    <vlocal:deptId>10079</vlocal:deptId>
    <vitro:mostSpecificType rdf:resource="http://vivoweb.org/ontology/core#Institute"/>
    <rdfs:label>Institute for Behavorial Genetics (IBG)</rdfs:label>
  </rdf:Description>
  <rdf:Description rdf:about="http://vivo.colorado.edu/deptid_10944">
    <rdf:type rdf:resource="http://vivoweb.org/ontology/core#Program"/>
    <vlocal:deptId>10944</vlocal:deptId>
    <vitro:mostSpecificType rdf:resource="http://vivoweb.org/ontology/core#Program"/>
    <rdfs:label>Communications RAP</rdfs:label>
  </rdf:Description>
  <rdf:Description rdf:about="http://vivo.colorado.edu/deptid_10223">
    <rdf:type rdf:resource="http://vivoweb.org/ontology/core#Program"/>
    <vlocal:deptId>10223</vlocal:deptId>
    <vitro:mostSpecificType rdf:resource="http://vivoweb.org/ontology/core#Program"/>
    <rdfs:label>Farrand RAP</rdfs:label>
  </rdf:Description>
  <rdf:Description rdf:about="http://vivo.colorado.edu/deptid_10894">
    <rdf:type rdf:resource="http://vivoweb.org/ontology/core#Program"/>
    <vlocal:deptId>10894</vlocal:deptId>
    <vitro:mostSpecificType rdf:resource="http://vivoweb.org/ontology/core#Program"/>
    <rdfs:label>Jewish Studies</rdfs:label>
  </rdf:Description>
  <rdf:Description rdf:about="http://vivo.colorado.edu/deptid_10322">
    <rdf:type rdf:resource="http://vivoweb.org/ontology/core#Center"/>
    <vlocal:deptId>10322</vlocal:deptId>
    <vitro:mostSpecificType rdf:resource="http://vivoweb.org/ontology/core#Center"/>
    <rdfs:label>BioServe Space Technologies</rdfs:label>
  </rdf:Description>
  <rdf:Description rdf:about="http://vivo.colorado.edu/deptid_10131">
    <rdf:type rdf:resource="http://vivoweb.org/ontology/core#Department"/>
    <vlocal:deptId>10131</vlocal:deptId>
    <vitro:mostSpecificType rdf:resource="http://vivoweb.org/ontology/core#Department"/>
    <rdfs:label>Continuing Education &amp; Professional Studies</rdfs:label>
  </rdf:Description>
  <rdf:Description rdf:about="http://vivo.colorado.edu/deptid_10059">
    <rdf:type rdf:resource="http://vivoweb.org/ontology/core#Department"/>
    <vlocal:deptId>10059</vlocal:deptId>
    <vitro:mostSpecificType rdf:resource="http://vivoweb.org/ontology/core#Department"/>
    <rdfs:label>Office of Contracts &amp; Grants</rdfs:label>
  </rdf:Description>
  <rdf:Description rdf:about="http://vivo.colorado.edu/deptid_10332">
    <rdf:type rdf:resource="http://vivoweb.org/ontology/core#Center"/>
    <vlocal:deptId>10332</vlocal:deptId>
    <vitro:mostSpecificType rdf:resource="http://vivoweb.org/ontology/core#Center"/>
    <rdfs:label>Center for Advanced Decision Support for Water and Environmental Systems (CADSWES)</rdfs:label>
  </rdf:Description>
  <rdf:Description rdf:about="http://vivo.colorado.edu/deptid_10031">
    <rdf:type rdf:resource="http://vivoweb.org/ontology/core#Department"/>
    <vlocal:deptId>10031</vlocal:deptId>
    <vitro:mostSpecificType rdf:resource="http://vivoweb.org/ontology/core#Department"/>
    <rdfs:label>Academic Affairs</rdfs:label>
  </rdf:Description>
  <rdf:Description rdf:about="http://vivo.colorado.edu/deptid_10908">
    <rdf:type rdf:resource="http://vivoweb.org/ontology/core#Department"/>
    <vlocal:deptId>10908</vlocal:deptId>
    <vitro:mostSpecificType rdf:resource="http://vivoweb.org/ontology/core#Department"/>
    <rdfs:label>Engineering-Bold Center</rdfs:label>
  </rdf:Description>
  <rdf:Description rdf:about="http://vivo.colorado.edu/deptid_10308">
    <rdf:type rdf:resource="http://vivoweb.org/ontology/core#Department"/>
    <vlocal:deptId>10308</vlocal:deptId>
    <vitro:mostSpecificType rdf:resource="http://vivoweb.org/ontology/core#Department"/>
    <rdfs:label>Integrated Teaching &amp; Learning (ITL) Program</rdfs:label>
  </rdf:Description>
  <rdf:Description rdf:about="http://vivo.colorado.edu/deptid_10248">
    <rdf:type rdf:resource="http://vivoweb.org/ontology/core#Center"/>
    <vlocal:deptId>10248</vlocal:deptId>
    <vitro:mostSpecificType rdf:resource="http://vivoweb.org/ontology/core#Center"/>
    <rdfs:label>Center of the American West</rdfs:label>
  </rdf:Description>
  <rdf:Description rdf:about="http://vivo.colorado.edu/deptid_10299">
    <rdf:type rdf:resource="http://vivoweb.org/ontology/core#Program"/>
    <vlocal:deptId>10299</vlocal:deptId>
    <vitro:mostSpecificType rdf:resource="http://vivoweb.org/ontology/core#Program"/>
    <rdfs:label>Lockheed Martin Engineering Management Program</rdfs:label>
  </rdf:Description>
  <rdf:Description rdf:about="http://vivo.colorado.edu/deptid_10372">
    <rdf:type rdf:resource="http://vivoweb.org/ontology/core#Department"/>
    <vlocal:deptId>10372</vlocal:deptId>
    <vitro:mostSpecificType rdf:resource="http://vivoweb.org/ontology/core#Department"/>
    <rdfs:label>Career Svcs-Coop/Internship</rdfs:label>
  </rdf:Description>
  <rdf:Description rdf:about="http://vivo.colorado.edu/deptid_10254">
    <rdf:type rdf:resource="http://vivoweb.org/ontology/core#Department"/>
    <vlocal:deptId>10254</vlocal:deptId>
    <vitro:mostSpecificType rdf:resource="http://vivoweb.org/ontology/core#Department"/>
    <rdfs:label>Academic Advising Center</rdfs:label>
  </rdf:Description>
  <rdf:Description rdf:about="http://vivo.colorado.edu/deptid_10362">
    <rdf:type rdf:resource="http://vivoweb.org/ontology/core#College"/>
    <vlocal:deptId>10362</vlocal:deptId>
    <vitro:mostSpecificType rdf:resource="http://vivoweb.org/ontology/core#College"/>
    <rdfs:label>College of Music</rdfs:label>
  </rdf:Description>
  <rdf:Description rdf:about="http://vivo.colorado.edu/deptid_10304">
    <rdf:type rdf:resource="http://vivoweb.org/ontology/core#Program"/>
    <vlocal:deptId>10304</vlocal:deptId>
    <vitro:mostSpecificType rdf:resource="http://vivoweb.org/ontology/core#Program"/>
    <rdfs:label>Environmental Engineering Program (EVEN)</rdfs:label>
  </rdf:Description>
  <rdf:Description rdf:about="http://vivo.colorado.edu/deptid_10126">
    <rdf:type rdf:resource="http://vivoweb.org/ontology/core#Center"/>
    <vlocal:deptId>10126</vlocal:deptId>
    <vitro:mostSpecificType rdf:resource="http://vivoweb.org/ontology/core#Center"/>
    <rdfs:label>Center for Humanities and the Arts</rdfs:label>
  </rdf:Description>
  <rdf:Description rdf:about="http://vivo.colorado.edu/deptid_10450">
    <rdf:type rdf:resource="http://vivoweb.org/ontology/core#Department"/>
    <vlocal:deptId>10450</vlocal:deptId>
    <vitro:mostSpecificType rdf:resource="http://vivoweb.org/ontology/core#Department"/>
    <rdfs:label>Wardenburg Health Center</rdfs:label>
  </rdf:Description>
  <rdf:Description rdf:about="http://vivo.colorado.edu/deptid_10842">
    <rdf:type rdf:resource="http://vivoweb.org/ontology/core#Department"/>
    <vlocal:deptId>10842</vlocal:deptId>
    <vitro:mostSpecificType rdf:resource="http://vivoweb.org/ontology/core#Department"/>
    <rdfs:label>Research &amp; Engineering Ctr for Unmanned Vehicles (RECUV)</rdfs:label>
  </rdf:Description>
  <rdf:Description rdf:about="http://vivo.colorado.edu/deptid_10035">
    <rdf:type rdf:resource="http://vivoweb.org/ontology/core#Department"/>
    <vlocal:deptId>10035</vlocal:deptId>
    <vitro:mostSpecificType rdf:resource="http://vivoweb.org/ontology/core#Department"/>
    <rdfs:label>Faculty Teaching Excellence Program (FTEP)</rdfs:label>
  </rdf:Description>
  <rdf:Description rdf:about="http://vivo.colorado.edu/deptid_10352">
    <rdf:type rdf:resource="http://vivoweb.org/ontology/core#School"/>
    <vlocal:deptId>10352</vlocal:deptId>
    <vitro:mostSpecificType rdf:resource="http://vivoweb.org/ontology/core#School"/>
    <rdfs:label>School of Law</rdfs:label>
  </rdf:Description>
  <rdf:Description rdf:about="http://vivo.colorado.edu/deptid_10988">
    <rdf:type rdf:resource="http://vivoweb.org/ontology/core#Department"/>
    <vlocal:deptId>10988</vlocal:deptId>
    <vitro:mostSpecificType rdf:resource="http://vivoweb.org/ontology/core#Department"/>
    <rdfs:label>Environmental Design</rdfs:label>
  </rdf:Description>
  <rdf:Description rdf:about="http://vivo.colorado.edu/deptid_10198">
    <rdf:type rdf:resource="http://vivoweb.org/ontology/core#Program"/>
    <vlocal:deptId>10198</vlocal:deptId>
    <vitro:mostSpecificType rdf:resource="http://vivoweb.org/ontology/core#Program"/>
    <rdfs:label>Miramontes Arts &amp; Science Program (MASP)</rdfs:label>
  </rdf:Description>
  <rdf:Description rdf:about="http://vivo.colorado.edu/deptid_10859">
    <rdf:type rdf:resource="http://vivoweb.org/ontology/core#Center"/>
    <vlocal:deptId>10859</vlocal:deptId>
    <vitro:mostSpecificType rdf:resource="http://vivoweb.org/ontology/core#Center"/>
    <rdfs:label>Center for Science Education</rdfs:label>
  </rdf:Description>
  <rdf:Description rdf:about="http://vivo.colorado.edu/deptid_10775">
    <rdf:type rdf:resource="http://vivoweb.org/ontology/core#Institute"/>
    <vlocal:deptId>10775</vlocal:deptId>
    <vitro:mostSpecificType rdf:resource="http://vivoweb.org/ontology/core#Institute"/>
    <rdfs:label>ATLAS Institute</rdfs:label>
  </rdf:Description>
  <rdf:Description rdf:about="http://vivo.colorado.edu/deptid_10252">
    <rdf:type rdf:resource="http://vivoweb.org/ontology/core#Department"/>
    <vlocal:deptId>10252</vlocal:deptId>
    <vitro:mostSpecificType rdf:resource="http://vivoweb.org/ontology/core#Department"/>
    <rdfs:label>LGBT Certificate Program</rdfs:label>
  </rdf:Description>
  <rdf:Description rdf:about="http://vivo.colorado.edu/deptid_10975">
    <rdf:type rdf:resource="http://vivoweb.org/ontology/core#School"/>
    <vlocal:deptId>10975</vlocal:deptId>
    <vitro:mostSpecificType rdf:resource="http://vivoweb.org/ontology/core#School"/>
    <rdfs:label>Graduate School</rdfs:label>
  </rdf:Description>
  <rdf:Description rdf:about="http://vivo.colorado.edu/deptid_10703">
    <rdf:type rdf:resource="http://vivoweb.org/ontology/core#Program"/>
    <vlocal:deptId>10703</vlocal:deptId>
    <vitro:mostSpecificType rdf:resource="http://vivoweb.org/ontology/core#Program"/>
    <rdfs:label>Chancellor's Leadership Studies Program</rdfs:label>
  </rdf:Description>
  <rdf:Description rdf:about="http://vivo.colorado.edu/deptid_10889">
    <rdf:type rdf:resource="http://vivoweb.org/ontology/core#Program"/>
    <vlocal:deptId>10889</vlocal:deptId>
    <vitro:mostSpecificType rdf:resource="http://vivoweb.org/ontology/core#Program"/>
    <rdfs:label>Global RAP</rdfs:label>
  </rdf:Description>
  <rdf:Description rdf:about="http://vivo.colorado.edu/deptid_10224">
    <rdf:type rdf:resource="http://vivoweb.org/ontology/core#Program"/>
    <vlocal:deptId>10224</vlocal:deptId>
    <vitro:mostSpecificType rdf:resource="http://vivoweb.org/ontology/core#Program"/>
    <rdfs:label>Sewall RAP</rdfs:label>
  </rdf:Description>
  <rdf:Description rdf:about="http://vivo.colorado.edu/deptid_10742">
    <rdf:type rdf:resource="http://vivoweb.org/ontology/core#Center"/>
    <vlocal:deptId>10742</vlocal:deptId>
    <vitro:mostSpecificType rdf:resource="http://vivoweb.org/ontology/core#Center"/>
    <rdfs:label>Center to Advance Research and Teaching in the Social Sciences (CARTSS)</rdfs:label>
  </rdf:Description>
  <rdf:Description rdf:about="http://vivo.colorado.edu/deptid_10319">
    <rdf:type rdf:resource="http://vivoweb.org/ontology/core#Center"/>
    <vlocal:deptId>10319</vlocal:deptId>
    <vitro:mostSpecificType rdf:resource="http://vivoweb.org/ontology/core#Center"/>
    <rdfs:label>Colorado Center for Astrodynamics Research (CCAR)</rdfs:label>
  </rdf:Description>
  <rdf:Description rdf:about="http://vivo.colorado.edu/deptid_10371">
    <rdf:type rdf:resource="http://vivoweb.org/ontology/core#Department"/>
    <vlocal:deptId>10371</vlocal:deptId>
    <vitro:mostSpecificType rdf:resource="http://vivoweb.org/ontology/core#Department"/>
    <rdfs:label>VC Student Affairs</rdfs:label>
  </rdf:Description>
  <rdf:Description rdf:about="http://vivo.colorado.edu/deptid_10044">
    <rdf:type rdf:resource="http://vivoweb.org/ontology/core#Department"/>
    <vlocal:deptId>10044</vlocal:deptId>
    <vitro:mostSpecificType rdf:resource="http://vivoweb.org/ontology/core#Department"/>
    <rdfs:label>President's Leadership Class</rdfs:label>
  </rdf:Description>
  <rdf:Description rdf:about="http://vivo.colorado.edu/deptid_10247">
    <rdf:type rdf:resource="http://vivoweb.org/ontology/core#Center"/>
    <vlocal:deptId>10247</vlocal:deptId>
    <vitro:mostSpecificType rdf:resource="http://vivoweb.org/ontology/core#Center"/>
    <rdfs:label>British and Irish Studies</rdfs:label>
  </rdf:Description>
  <rdf:Description rdf:about="http://vivo.colorado.edu/deptid_10428">
    <rdf:type rdf:resource="http://vivoweb.org/ontology/core#Department"/>
    <vlocal:deptId>10428</vlocal:deptId>
    <vitro:mostSpecificType rdf:resource="http://vivoweb.org/ontology/core#Department"/>
    <rdfs:label>GLBT Resource Center</rdfs:label>
  </rdf:Description>
  <rdf:Description rdf:about="http://vivo.colorado.edu/deptid_10965">
    <rdf:type rdf:resource="http://vivoweb.org/ontology/core#Center"/>
    <vlocal:deptId>10965</vlocal:deptId>
    <vitro:mostSpecificType rdf:resource="http://vivoweb.org/ontology/core#Center"/>
    <rdfs:label>Brakhage Center</rdfs:label>
  </rdf:Description>
  <rdf:Description rdf:about="http://vivo.colorado.edu/deptid_10039">
    <rdf:type rdf:resource="http://vivoweb.org/ontology/core#Department"/>
    <vlocal:deptId>10039</vlocal:deptId>
    <vitro:mostSpecificType rdf:resource="http://vivoweb.org/ontology/core#Department"/>
    <rdfs:label>Undergraduate Research Opportunities Program</rdfs:label>
  </rdf:Description>
  <rdf:Description rdf:about="http://vivo.colorado.edu/deptid_10099">
    <rdf:type rdf:resource="http://vivoweb.org/ontology/core#Institute"/>
    <vlocal:deptId>10099</vlocal:deptId>
    <vitro:mostSpecificType rdf:resource="http://vivoweb.org/ontology/core#Institute"/>
    <rdfs:label>Institute of Arctic &amp; Alpine Research (INSTAAR)</rdfs:label>
  </rdf:Description>
  <rdf:Description rdf:about="http://vivo.colorado.edu/deptid_10001">
    <rdf:type rdf:resource="http://vivoweb.org/ontology/core#Department"/>
    <vlocal:deptId>10001</vlocal:deptId>
    <vitro:mostSpecificType rdf:resource="http://vivoweb.org/ontology/core#Department"/>
    <rdfs:label>Office of the Chancellor</rdfs:label>
  </rdf:Description>
  <rdf:Description rdf:about="http://vivo.colorado.edu/deptid_10287">
    <rdf:type rdf:resource="http://vivoweb.org/ontology/core#Center"/>
    <vlocal:deptId>10287</vlocal:deptId>
    <vitro:mostSpecificType rdf:resource="http://vivoweb.org/ontology/core#Center"/>
    <rdfs:label>Bueno Center</rdfs:label>
  </rdf:Description>
  <rdf:Description rdf:about="http://vivo.colorado.edu/deptid_10195">
    <rdf:type rdf:resource="http://vivoweb.org/ontology/core#Center"/>
    <vlocal:deptId>10195</vlocal:deptId>
    <vitro:mostSpecificType rdf:resource="http://vivoweb.org/ontology/core#Center"/>
    <rdfs:label>Center for Astrophysics &amp; Space Astronomy (CASA)</rdfs:label>
  </rdf:Description>
  <rdf:Description rdf:about="http://vivo.colorado.edu/deptid_10225">
    <rdf:type rdf:resource="http://vivoweb.org/ontology/core#Department"/>
    <vlocal:deptId>10225</vlocal:deptId>
    <vitro:mostSpecificType rdf:resource="http://vivoweb.org/ontology/core#Department"/>
    <rdfs:label>Conference on World Affairs</rdfs:label>
  </rdf:Description>
  <rdf:Description rdf:about="http://vivo.colorado.edu/deptid_10261">
    <rdf:type rdf:resource="http://vivoweb.org/ontology/core#School"/>
    <vlocal:deptId>10261</vlocal:deptId>
    <vitro:mostSpecificType rdf:resource="http://vivoweb.org/ontology/core#School"/>
    <rdfs:label>School of Education</rdfs:label>
  </rdf:Description>
  <rdf:Description rdf:about="http://vivo.colorado.edu/deptid_10221">
    <rdf:type rdf:resource="http://vivoweb.org/ontology/core#Program"/>
    <vlocal:deptId>10221</vlocal:deptId>
    <vitro:mostSpecificType rdf:resource="http://vivoweb.org/ontology/core#Program"/>
    <rdfs:label>International Affairs Program</rdfs:label>
  </rdf:Description>
  <rdf:Description rdf:about="http://vivo.colorado.edu/deptid_10858">
    <rdf:type rdf:resource="http://vivoweb.org/ontology/core#Program"/>
    <vlocal:deptId>10858</vlocal:deptId>
    <vitro:mostSpecificType rdf:resource="http://vivoweb.org/ontology/core#Program"/>
    <rdfs:label>Engineering Honors Program</rdfs:label>
  </rdf:Description>
  <rdf:Description rdf:about="http://vivo.colorado.edu/deptid_10762">
    <rdf:type rdf:resource="http://vivoweb.org/ontology/core#Center"/>
    <vlocal:deptId>10762</vlocal:deptId>
    <vitro:mostSpecificType rdf:resource="http://vivoweb.org/ontology/core#Center"/>
    <rdfs:label>Center for Asian Studies</rdfs:label>
  </rdf:Description>
  <rdf:Description rdf:about="http://vivo.colorado.edu/deptid_10946">
    <rdf:type rdf:resource="http://vivoweb.org/ontology/core#Department"/>
    <vlocal:deptId>10946</vlocal:deptId>
    <vitro:mostSpecificType rdf:resource="http://vivoweb.org/ontology/core#Department"/>
    <rdfs:label>CU at DC Internship</rdfs:label>
  </rdf:Description>
  <rdf:Description rdf:about="http://vivo.colorado.edu/deptid_10066">
    <rdf:type rdf:resource="http://vivoweb.org/ontology/core#Institute"/>
    <vlocal:deptId>10066</vlocal:deptId>
    <vitro:mostSpecificType rdf:resource="http://vivoweb.org/ontology/core#Institute"/>
    <rdfs:label>Institute of Cognitive Science (ICS)</rdfs:label>
  </rdf:Description>
  <rdf:Description rdf:about="http://vivo.colorado.edu/deptid_10201">
    <rdf:type rdf:resource="http://vivoweb.org/ontology/core#Program"/>
    <vlocal:deptId>10201</vlocal:deptId>
    <vitro:mostSpecificType rdf:resource="http://vivoweb.org/ontology/core#Program"/>
    <rdfs:label>Honors RAP</rdfs:label>
  </rdf:Description>
  <rdf:Description rdf:about="http://vivo.colorado.edu/deptid_10148">
    <rdf:type rdf:resource="http://vivoweb.org/ontology/core#Department"/>
    <vlocal:deptId>10148</vlocal:deptId>
    <vitro:mostSpecificType rdf:resource="http://vivoweb.org/ontology/core#Department"/>
    <rdfs:label>International English Center (IEC)</rdfs:label>
  </rdf:Description>
  <rdf:Description rdf:about="http://vivo.colorado.edu/deptid_10128">
    <rdf:type rdf:resource="http://vivoweb.org/ontology/core#Program"/>
    <vlocal:deptId>10128</vlocal:deptId>
    <vitro:mostSpecificType rdf:resource="http://vivoweb.org/ontology/core#Program"/>
    <rdfs:label>Environmental Studies Program</rdfs:label>
  </rdf:Description>
  <rdf:Description rdf:about="http://vivo.colorado.edu/deptid_10360">
    <rdf:type rdf:resource="http://vivoweb.org/ontology/core#Center"/>
    <vlocal:deptId>10360</vlocal:deptId>
    <vitro:mostSpecificType rdf:resource="http://vivoweb.org/ontology/core#Center"/>
    <rdfs:label>Natural Resources Law Center</rdfs:label>
  </rdf:Description>
  <rdf:Description rdf:about="http://vivo.colorado.edu/deptid_10153">
    <rdf:type rdf:resource="http://vivoweb.org/ontology/core#College"/>
    <vlocal:deptId>10153</vlocal:deptId>
    <vitro:mostSpecificType rdf:resource="http://vivoweb.org/ontology/core#College"/>
    <rdfs:label>College of Arts &amp; Sciences</rdfs:label>
  </rdf:Description>
  <rdf:Description rdf:about="http://vivo.colorado.edu/deptid_10939">
    <rdf:type rdf:resource="http://vivoweb.org/ontology/core#Department"/>
    <vlocal:deptId>10939</vlocal:deptId>
    <vitro:mostSpecificType rdf:resource="http://vivoweb.org/ontology/core#Department"/>
    <rdfs:label>Colorado European Union Center</rdfs:label>
  </rdf:Description>
  <rdf:Description rdf:about="http://vivo.colorado.edu/deptid_10850">
    <rdf:type rdf:resource="http://vivoweb.org/ontology/core#Department"/>
    <vlocal:deptId>10850</vlocal:deptId>
    <vitro:mostSpecificType rdf:resource="http://vivoweb.org/ontology/core#Department"/>
    <rdfs:label>Center for Western Civilization</rdfs:label>
  </rdf:Description>
  <rdf:Description rdf:about="http://vivo.colorado.edu/deptid_10391">
    <rdf:type rdf:resource="http://vivoweb.org/ontology/core#Department"/>
    <vlocal:deptId>10391</vlocal:deptId>
    <vitro:mostSpecificType rdf:resource="http://vivoweb.org/ontology/core#Department"/>
    <rdfs:label>Housing &amp; Dining Services</rdfs:label>
  </rdf:Description>
  <rdf:Description rdf:about="http://vivo.colorado.edu/deptid_10860">
    <rdf:type rdf:resource="http://vivoweb.org/ontology/core#Institute"/>
    <vlocal:deptId>10860</vlocal:deptId>
    <vitro:mostSpecificType rdf:resource="http://vivoweb.org/ontology/core#Institute"/>
    <rdfs:label>Renewable &amp; Sustainable Energy Institute (RASEI)</rdfs:label>
  </rdf:Description>
  <rdf:Description rdf:about="http://vivo.colorado.edu/deptid_10369">
    <rdf:type rdf:resource="http://vivoweb.org/ontology/core#Library"/>
    <vlocal:deptId>10369</vlocal:deptId>
    <vitro:mostSpecificType rdf:resource="http://vivoweb.org/ontology/core#Library"/>
    <rdfs:label>University Libraries</rdfs:label>
  </rdf:Description>
  <rdf:Description rdf:about="http://vivo.colorado.edu/deptid_10057">
    <rdf:type rdf:resource="http://vivoweb.org/ontology/core#Department"/>
    <vlocal:deptId>10057</vlocal:deptId>
    <vitro:mostSpecificType rdf:resource="http://vivoweb.org/ontology/core#Department"/>
    <rdfs:label>Office of the Vice Chancellor for Research</rdfs:label>
  </rdf:Description>
  <rdf:Description rdf:about="http://vivo.colorado.edu/deptid_10071">
    <rdf:type rdf:resource="http://vivoweb.org/ontology/core#Institute"/>
    <vlocal:deptId>10071</vlocal:deptId>
    <vitro:mostSpecificType rdf:resource="http://vivoweb.org/ontology/core#Institute"/>
    <rdfs:label>Institute of Behavorial Science (IBS)</rdfs:label>
  </rdf:Description>
  <rdf:Description rdf:about="http://vivo.colorado.edu/deptid_10320">
    <rdf:type rdf:resource="http://vivoweb.org/ontology/core#Center"/>
    <vlocal:deptId>10320</vlocal:deptId>
    <vitro:mostSpecificType rdf:resource="http://vivoweb.org/ontology/core#Center"/>
    <rdfs:label>Center for Aerospace Structures (CAS)</rdfs:label>
  </rdf:Description>
  <rdf:Description rdf:about="http://vivo.colorado.edu/deptid_10124">
    <rdf:type rdf:resource="http://vivoweb.org/ontology/core#Center"/>
    <vlocal:deptId>10124</vlocal:deptId>
    <vitro:mostSpecificType rdf:resource="http://vivoweb.org/ontology/core#Center"/>
    <rdfs:label>Center for Limb Atmospheric Sounding (CLAS)</rdfs:label>
  </rdf:Description>
  <rdf:Description rdf:about="http://vivo.colorado.edu/deptid_10839">
    <rdf:type rdf:resource="http://vivoweb.org/ontology/core#Program"/>
    <vlocal:deptId>10839</vlocal:deptId>
    <vitro:mostSpecificType rdf:resource="http://vivoweb.org/ontology/core#Program"/>
    <rdfs:label>Libby RAP</rdfs:label>
  </rdf:Description>
  <rdf:Description rdf:about="http://vivo.colorado.edu/deptid_10913">
    <rdf:type rdf:resource="http://vivoweb.org/ontology/core#Department"/>
    <vlocal:deptId>10913</vlocal:deptId>
    <vitro:mostSpecificType rdf:resource="http://vivoweb.org/ontology/core#Department"/>
    <rdfs:label>Comp Lit Grad Program</rdfs:label>
  </rdf:Description>
  <rdf:Description rdf:about="http://vivo.colorado.edu/deptid_10226">
    <rdf:type rdf:resource="http://vivoweb.org/ontology/core#Program"/>
    <vlocal:deptId>10226</vlocal:deptId>
    <vitro:mostSpecificType rdf:resource="http://vivoweb.org/ontology/core#Program"/>
    <rdfs:label>Peace and Conflict Studies</rdfs:label>
  </rdf:Description>
  <rdf:Description rdf:about="http://vivo.colorado.edu/deptid_10592">
    <rdf:type rdf:resource="http://vivoweb.org/ontology/core#Department"/>
    <vlocal:deptId>10592</vlocal:deptId>
    <vitro:mostSpecificType rdf:resource="http://vivoweb.org/ontology/core#Department"/>
    <rdfs:label>Biochemistry</rdfs:label>
  </rdf:Description>
  <rdf:Description rdf:about="http://vivo.colorado.edu/deptid_10222">
    <rdf:type rdf:resource="http://vivoweb.org/ontology/core#Program"/>
    <vlocal:deptId>10222</vlocal:deptId>
    <vitro:mostSpecificType rdf:resource="http://vivoweb.org/ontology/core#Program"/>
    <rdfs:label>INVST Community Studies</rdfs:label>
  </rdf:Description>
  <rdf:Description rdf:about="http://vivo.colorado.edu/deptid_10701">
    <rdf:type rdf:resource="http://vivoweb.org/ontology/core#Program"/>
    <vlocal:deptId>10701</vlocal:deptId>
    <vitro:mostSpecificType rdf:resource="http://vivoweb.org/ontology/core#Program"/>
    <rdfs:label>Service Learning</rdfs:label>
  </rdf:Description>
  <rdf:Description rdf:about="http://vivo.colorado.edu/deptid_10250">
    <rdf:type rdf:resource="http://vivoweb.org/ontology/core#Center"/>
    <vlocal:deptId>10250</vlocal:deptId>
    <vitro:mostSpecificType rdf:resource="http://vivoweb.org/ontology/core#Center"/>
    <rdfs:label>Latin American Studies</rdfs:label>
  </rdf:Description>
  <rdf:Description rdf:about="http://vivo.colorado.edu/deptid_10205">
    <rdf:type rdf:resource="http://vivoweb.org/ontology/core#Center"/>
    <vlocal:deptId>10205</vlocal:deptId>
    <vitro:mostSpecificType rdf:resource="http://vivoweb.org/ontology/core#Center"/>
    <rdfs:label>Center for Integrated Plasma Studies (CIPS)</rdfs:label>
  </rdf:Description>
  <rdf:Description rdf:about="http://vivo.colorado.edu/deptid_10763">
    <rdf:type rdf:resource="http://vivoweb.org/ontology/core#Institute"/>
    <vlocal:deptId>10763</vlocal:deptId>
    <vitro:mostSpecificType rdf:resource="http://vivoweb.org/ontology/core#Institute"/>
    <rdfs:label>Biofrontiers Institute</rdfs:label>
  </rdf:Description>
  <rdf:Description rdf:about="http://vivo.colorado.edu/deptid_10992">
    <rdf:type rdf:resource="http://vivoweb.org/ontology/core#Department"/>
    <vlocal:deptId>10992</vlocal:deptId>
    <vitro:mostSpecificType rdf:resource="http://vivoweb.org/ontology/core#Department"/>
    <rdfs:label>Health Professions RAP</rdfs:label>
  </rdf:Description>
  <rdf:Description rdf:about="http://vivo.colorado.edu/deptid_10060">
    <rdf:type rdf:resource="http://vivoweb.org/ontology/core#Institute"/>
    <vlocal:deptId>10060</vlocal:deptId>
    <vitro:mostSpecificType rdf:resource="http://vivoweb.org/ontology/core#Institute"/>
    <rdfs:label>Laboratory for Atmospheric and Space Physics (LASP)</rdfs:label>
  </rdf:Description>
  <rdf:Description rdf:about="http://vivo.colorado.edu/deptid_10202">
    <rdf:type rdf:resource="http://vivoweb.org/ontology/core#Program"/>
    <vlocal:deptId>10202</vlocal:deptId>
    <vitro:mostSpecificType rdf:resource="http://vivoweb.org/ontology/core#Program"/>
    <rdfs:label>Baker RAP</rdfs:label>
  </rdf:Description>
  <rdf:Description rdf:about="http://vivo.colorado.edu/deptid_10032">
    <rdf:type rdf:resource="http://vivoweb.org/ontology/core#Institute"/>
    <vlocal:deptId>10032</vlocal:deptId>
    <vitro:mostSpecificType rdf:resource="http://vivoweb.org/ontology/core#Institute"/>
    <rdfs:label>BioFrontiers Institute</rdfs:label>
  </rdf:Description>
  <rdf:Description rdf:about="http://vivo.colorado.edu/deptid_10080">
    <rdf:type rdf:resource="http://vivoweb.org/ontology/core#Institute"/>
    <vlocal:deptId>10080</vlocal:deptId>
    <vitro:mostSpecificType rdf:resource="http://vivoweb.org/ontology/core#Institute"/>
    <rdfs:label>Cooperative Institute for Research in Environmental Sciences (CIRES)</rdfs:label>
  </rdf:Description>
  <rdf:Description rdf:about="http://vivo.colorado.edu/deptid_10967">
    <rdf:type rdf:resource="http://vivoweb.org/ontology/core#Department"/>
    <vlocal:deptId>10967</vlocal:deptId>
    <vitro:mostSpecificType rdf:resource="http://vivoweb.org/ontology/core#Department"/>
    <rdfs:label>Residential Acad Program-SEEDS</rdfs:label>
  </rdf:Description>
  <rdf:Description rdf:about="http://vivo.colorado.edu/deptid_10140">
    <rdf:type rdf:resource="http://vivoweb.org/ontology/core#Department"/>
    <vlocal:deptId>10140</vlocal:deptId>
    <vitro:mostSpecificType rdf:resource="http://vivoweb.org/ontology/core#Department"/>
    <rdfs:label>Continuing Education &amp; Professional Studies</rdfs:label>
  </rdf:Description>
  <rdf:Description rdf:about="http://vivo.colorado.edu/deptid_10023">
    <rdf:type rdf:resource="http://vivoweb.org/ontology/core#Department"/>
    <vlocal:deptId>10023</vlocal:deptId>
    <vitro:mostSpecificType rdf:resource="http://vivoweb.org/ontology/core#Department"/>
    <rdfs:label>Ombuds Office</rdfs:label>
  </rdf:Description>
  <rdf:Description rdf:about="http://vivo.colorado.edu/deptid_10255">
    <rdf:type rdf:resource="http://vivoweb.org/ontology/core#School"/>
    <vlocal:deptId>10255</vlocal:deptId>
    <vitro:mostSpecificType rdf:resource="http://vivoweb.org/ontology/core#School"/>
    <rdfs:label>Leeds School of Business</rdfs:label>
  </rdf:Description>
  <rdf:Description rdf:about="http://vivo.colorado.edu/deptid_10298">
    <rdf:type rdf:resource="http://vivoweb.org/ontology/core#College"/>
    <vlocal:deptId>10298</vlocal:deptId>
    <vitro:mostSpecificType rdf:resource="http://vivoweb.org/ontology/core#College"/>
    <rdfs:label>College of Engineering and Applied Science</rdfs:label>
  </rdf:Description>
  <rdf:Description rdf:about="http://vivo.colorado.edu/deptid_10426">
    <rdf:type rdf:resource="http://vivoweb.org/ontology/core#Department"/>
    <vlocal:deptId>10426</vlocal:deptId>
    <vitro:mostSpecificType rdf:resource="http://vivoweb.org/ontology/core#Department"/>
    <rdfs:label>Student Academic Services Center</rdfs:label>
  </rdf:Description>
</rdf:RDF>

2013-03-05 11:22:43.437 TRACE [o.v.h.t.SPARQLTranslator] Total Size of Constructed Output: 356
2013-03-05 11:22:43.456 TRACE [o.v.h.t.SPARQLTranslator] Total Number of Elements: 89
2013-03-05 11:22:43.456 INFO  [o.v.h.t.SPARQLTranslator] Translation: End
2013-03-05 11:22:43.457 INFO  [o.v.h.t.SPARQLTranslator] SPARQLTranslator: End
2013-03-05 11:22:43.466 TRACE [o.v.h.u.FileAide] Deleted temporary file space /var/folders/lj/qj39hmyx0_n2syq8ht7bdlym0000gp/T/urn&#58;x-arq&#58;UnionGraph4358889582604602944.tdb  
2013-03-05 11:22:43.474 TRACE [o.v.h.u.FileAide] Deleted temporary file space /var/folders/lj/qj39hmyx0_n2syq8ht7bdlym0000gp/T/DEFAULT9753930231906989649261844344.tdb  
2013-03-05 11:22:44.121 INFO  [o.v.h.t.Transfer] Transfer: Start
2013-03-05 11:22:44.124 DEBUG [o.v.h.u.a.ArgList] running Transfer
2013-03-05 11:22:44.125 DEBUG [o.v.h.u.a.ArgList] command line args: -i vivo.model.xml -d output-file.txt
2013-03-05 11:22:44.136 TRACE [o.v.h.u.r.JenaConnect] 'dbLayout' - 'layout2'
2013-03-05 11:22:44.137 TRACE [o.v.h.u.r.JenaConnect] 'modelName' - 'http://vitro.mannlib.cornell.edu/a/graph/ws_d_construct'
2013-03-05 11:22:44.137 TRACE [o.v.h.u.r.JenaConnect] 'dbUrl' - 'jdbc:mysql://127.0.0.1:3306/uccs_vivo'
2013-03-05 11:22:44.137 TRACE [o.v.h.u.r.JenaConnect] 'dbClass' - 'com.mysql.jdbc.Driver'
2013-03-05 11:22:44.137 TRACE [o.v.h.u.r.JenaConnect] 'dbType' - 'MySQL'
2013-03-05 11:22:44.137 TRACE [o.v.h.u.r.JenaConnect] 'type' - 'sdb'
2013-03-05 11:22:44.722 TRACE [o.v.h.u.r.MemJenaConnect] attempting to create temp file for: DEFAULT1091097984
2013-03-05 11:22:44.723 TRACE [o.v.h.u.FileAide] Allocating temporary file space /var/folders/lj/qj39hmyx0_n2syq8ht7bdlym0000gp/T/DEFAULT10910979844772213846877096387.tdb  
2013-03-05 11:22:44.723 TRACE [o.v.h.u.r.MemJenaConnect] created: /var/folders/lj/qj39hmyx0_n2syq8ht7bdlym0000gp/T/DEFAULT10910979844772213846877096387.tdb
2013-03-05 11:22:44.887 DEBUG [o.v.h.t.Transfer] No Output Specified, Using In-Memory Jena Model As Temporary Model
2013-03-05 11:22:45.179 INFO  [o.v.h.t.Transfer] Transfer: End
2013-03-05 11:22:45.188 TRACE [o.v.h.u.FileAide] Deleted temporary file space /var/folders/lj/qj39hmyx0_n2syq8ht7bdlym0000gp/T/DEFAULT10910979844772213846877096387.tdb  
