2013-03-04 14:25:49.282 INFO  [o.v.h.f.CSVFetch] CSVFetch: Start
2013-03-04 14:25:49.287 DEBUG [o.v.h.u.a.ArgList] running CSVFetch
2013-03-04 14:25:49.288 DEBUG [o.v.h.u.a.ArgList] command line args: -X csvfetch.config.xml
2013-03-04 14:25:49.297 DEBUG [o.v.h.u.a.ArgList] config file args: --propertyPrefix ws_d_ --file /Users/stwi5210/fis_departments.dat --uriPrefix deptid_ --uriParameter DEPTID --type DEPT --output /Users/stwi5210/Source/fis-harvester/departments/harvested-data.model.xml --seperated , --namespace http://vivo.colorado.edu/
2013-03-04 14:25:49.312 TRACE [o.v.h.u.r.JenaConnect] 'dbDir' - 'data/harvested-data/'
2013-03-04 14:25:49.312 TRACE [o.v.h.u.r.JenaConnect] 'type' - 'tdb'
2013-03-04 14:25:50.537 INFO  [o.v.h.f.CSVFetch] CSVFetch: End
2013-03-04 14:25:51.615 INFO  [o.v.h.t.Transfer] Transfer: Start
2013-03-04 14:25:51.618 DEBUG [o.v.h.u.a.ArgList] running Transfer
2013-03-04 14:25:51.619 DEBUG [o.v.h.u.a.ArgList] command line args: -o vivo.model.xml -r data/constructed-data-sub
2013-03-04 14:25:51.630 TRACE [o.v.h.u.r.JenaConnect] 'dbLayout' - 'layout2'
2013-03-04 14:25:51.630 TRACE [o.v.h.u.r.JenaConnect] 'modelName' - 'http://vitro.mannlib.cornell.edu/a/graph/ws_d_construct'
2013-03-04 14:25:51.630 TRACE [o.v.h.u.r.JenaConnect] 'dbUrl' - 'jdbc:mysql://127.0.0.1:3306/uccs_vivo'
2013-03-04 14:25:51.631 TRACE [o.v.h.u.r.JenaConnect] 'dbClass' - 'com.mysql.jdbc.Driver'
2013-03-04 14:25:51.631 TRACE [o.v.h.u.r.JenaConnect] 'dbType' - 'MySQL'
2013-03-04 14:25:51.631 TRACE [o.v.h.u.r.JenaConnect] 'type' - 'sdb'
2013-03-04 14:25:52.348 ERROR [o.v.h.t.Transfer] Could not read from "file:///Users/stwi5210/Source/fis-harvester/departments/data/constructed-data-sub" because it is a not a file.
2013-03-04 14:25:52.352 DEBUG [o.v.h.t.Transfer] Stacktrace:
org.apache.commons.vfs.FileSystemException: Could not read from "file:///Users/stwi5210/Source/fis-harvester/departments/data/constructed-data-sub" because it is a not a file.
	at org.apache.commons.vfs.provider.AbstractFileObject.getInputStream(AbstractFileObject.java:1109) ~[commons-vfs-1.0.jar:1.0]
	at org.apache.commons.vfs.provider.DefaultFileContent.getInputStream(DefaultFileContent.java:317) ~[commons-vfs-1.0.jar:1.0]
	at org.vivoweb.harvester.util.FileAide.getInputStream(FileAide.java:158) ~[harvester.jar:na]
	at org.vivoweb.harvester.util.repo.JenaConnect.loadRdfFromFile(JenaConnect.java:219) ~[harvester.jar:na]
	at org.vivoweb.harvester.transfer.Transfer.execute(Transfer.java:137) ~[harvester.jar:na]
	at org.vivoweb.harvester.transfer.Transfer.main(Transfer.java:186) ~[harvester.jar:na]
2013-03-04 14:25:52.354 INFO  [o.v.h.t.Transfer] Transfer: End
