2013-02-28 11:05:42.276 INFO  [o.v.h.f.CSVFetch] CSVFetch: Start
2013-02-28 11:05:42.279 DEBUG [o.v.h.u.a.ArgList] running CSVFetch
2013-02-28 11:05:42.280 DEBUG [o.v.h.u.a.ArgList] command line args: -X csvfetch.config.xml
2013-02-28 11:05:42.286 DEBUG [o.v.h.u.a.ArgList] config file args: --propertyPrefix ws_i_ --file /Users/stwi5210/fis_institutions.dat --uriPrefix unitid_ --uriParameter UNITIDCODE --type ws_i --output /Users/stwi5210/Source/fis-harvester/institutions/harvested-data.model.xml --seperated , --namespace http://vivo.colorado.edu/
2013-02-28 11:05:42.296 TRACE [o.v.h.u.r.JenaConnect] 'dbDir' - 'data/harvested-data/'
2013-02-28 11:05:42.296 TRACE [o.v.h.u.r.JenaConnect] 'type' - 'tdb'
2013-02-28 11:05:43.570 INFO  [o.v.h.f.CSVFetch] CSVFetch: End
2013-02-28 11:05:44.511 INFO  [o.v.h.u.r.JenaConnect] JenaConnect: Start
2013-02-28 11:05:44.513 DEBUG [o.v.h.u.a.ArgList] running JenaConnect
2013-02-28 11:05:44.514 DEBUG [o.v.h.u.a.ArgList] command line args: -X institutions.config.xml
2013-02-28 11:05:44.519 DEBUG [o.v.h.u.a.ArgList] config file args: --jena /Users/stwi5210/Source/fis-harvester/institutions/harvested-data.model.xml --query PREFIX rdf:   <http://www.w3.org/1999/02/22-rdf-syntax-ns#> 
PREFIX rdfs:  <http://www.w3.org/2000/01/rdf-schema#> 
PREFIX vitro: <http://vitro.mannlib.cornell.edu/ns/vitro/0.7#> 
PREFIX core: <http://vivoweb.org/ontology/core#> 
PREFIX vlocal: <http://vivo.colorado.edu/ontology/vivo-fis#>  
Construct { 
 ?institution rdf:type core:University .  
 ?institution rdfs:label ?label .  
 ?institution vlocal:unitIdCode ?unitId .  
 ?institution vitro:moniker "University" . 
} 
Where {  
  ?institution <http://vivo.colorado.edu/ws_i_NAME> ?label .  
  ?institution <http://vivo.colorado.edu/ws_i_UNITIDCODE> ?unitId . 
} --fileOutput data/constructed-data
2013-02-28 11:05:44.525 TRACE [o.v.h.u.r.JenaConnect] 'dbDir' - 'data/harvested-data/'
2013-02-28 11:05:44.525 TRACE [o.v.h.u.r.JenaConnect] 'type' - 'tdb'
2013-02-28 11:05:45.041 INFO  [o.v.h.u.r.JenaConnect] Outputting to the specified location
2013-02-28 11:05:45.068 TRACE [o.v.h.u.r.MemJenaConnect] attempting to create temp file for: DEFAULT835444466
2013-02-28 11:05:45.069 TRACE [o.v.h.u.FileAide] Allocating temporary file space /var/folders/lj/qj39hmyx0_n2syq8ht7bdlym0000gp/T/DEFAULT8354444665984798423988305970.tdb  
2013-02-28 11:05:45.069 TRACE [o.v.h.u.r.MemJenaConnect] created: /var/folders/lj/qj39hmyx0_n2syq8ht7bdlym0000gp/T/DEFAULT8354444665984798423988305970.tdb
2013-02-28 11:05:45.876 INFO  [o.v.h.u.r.JenaConnect] JenaConnect: End
2013-02-28 11:05:45.886 TRACE [o.v.h.u.FileAide] Deleted temporary file space /var/folders/lj/qj39hmyx0_n2syq8ht7bdlym0000gp/T/DEFAULT8354444665984798423988305970.tdb  
2013-02-28 11:05:46.595 INFO  [o.v.h.u.r.JenaConnect] JenaConnect: Start
2013-02-28 11:05:46.598 DEBUG [o.v.h.u.a.ArgList] running JenaConnect
2013-02-28 11:05:46.599 DEBUG [o.v.h.u.a.ArgList] command line args: -X delete.config.xml
2013-02-28 11:05:46.603 DEBUG [o.v.h.u.a.ArgList] config file args: --jena /Users/stwi5210/Source/fis-harvester/institutions/vivo.model.xml --truncate 1
2013-02-28 11:05:46.609 TRACE [o.v.h.u.r.JenaConnect] 'dbLayout' - 'layout2'
2013-02-28 11:05:46.609 TRACE [o.v.h.u.r.JenaConnect] 'modelName' - 'http://vitro.mannlib.cornell.edu/a/graph/ws_i_construct'
2013-02-28 11:05:46.609 TRACE [o.v.h.u.r.JenaConnect] 'dbUrl' - 'jdbc:mysql://127.0.0.1:3306/uccs_vivo'
2013-02-28 11:05:46.609 TRACE [o.v.h.u.r.JenaConnect] 'dbClass' - 'com.mysql.jdbc.Driver'
2013-02-28 11:05:46.609 TRACE [o.v.h.u.r.JenaConnect] 'dbType' - 'MySQL'
2013-02-28 11:05:46.609 TRACE [o.v.h.u.r.JenaConnect] 'type' - 'sdb'
2013-02-28 11:05:47.174 INFO  [o.v.h.u.r.JenaConnect] Removing all triples
2013-02-28 11:05:48.177 INFO  [o.v.h.u.r.JenaConnect] JenaConnect: End
2013-02-28 11:05:48.786 INFO  [o.v.h.t.Transfer] Transfer: Start
2013-02-28 11:05:48.790 DEBUG [o.v.h.u.a.ArgList] running Transfer
2013-02-28 11:05:48.791 DEBUG [o.v.h.u.a.ArgList] command line args: -o vivo.model.xml -r data/constructed-data
2013-02-28 11:05:48.802 TRACE [o.v.h.u.r.JenaConnect] 'dbLayout' - 'layout2'
2013-02-28 11:05:48.802 TRACE [o.v.h.u.r.JenaConnect] 'modelName' - 'http://vitro.mannlib.cornell.edu/a/graph/ws_i_construct'
2013-02-28 11:05:48.802 TRACE [o.v.h.u.r.JenaConnect] 'dbUrl' - 'jdbc:mysql://127.0.0.1:3306/uccs_vivo'
2013-02-28 11:05:48.802 TRACE [o.v.h.u.r.JenaConnect] 'dbClass' - 'com.mysql.jdbc.Driver'
2013-02-28 11:05:48.803 TRACE [o.v.h.u.r.JenaConnect] 'dbType' - 'MySQL'
2013-02-28 11:05:48.803 TRACE [o.v.h.u.r.JenaConnect] 'type' - 'sdb'
2013-02-28 11:05:50.411 INFO  [o.v.h.t.Transfer] Transfer: End
