2013-02-28 11:04:41.894 INFO  [o.v.h.f.CSVFetch] CSVFetch: Start
2013-02-28 11:04:41.898 DEBUG [o.v.h.u.a.ArgList] running CSVFetch
2013-02-28 11:04:41.898 DEBUG [o.v.h.u.a.ArgList] command line args: -X csvfetch.config.xml
2013-02-28 11:04:41.905 DEBUG [o.v.h.u.a.ArgList] config file args: --propertyPrefix ws_i_ --file /Users/stwi5210/fis_institutions.dat --uriPrefix unitid_ --uriParameter UNITIDCODE --type ws_i --output /Users/stwi5210/Source/fis-harvester/institutions/harvested-data.model.xml --seperated , --namespace http://vivo.colorado.edu/
2013-02-28 11:04:41.915 TRACE [o.v.h.u.r.JenaConnect] 'dbDir' - 'data/harvested-data/'
2013-02-28 11:04:41.915 TRACE [o.v.h.u.r.JenaConnect] 'type' - 'tdb'
2013-02-28 11:04:43.220 INFO  [o.v.h.f.CSVFetch] CSVFetch: End
2013-02-28 11:04:44.189 INFO  [o.v.h.u.r.JenaConnect] JenaConnect: Start
2013-02-28 11:04:44.192 DEBUG [o.v.h.u.a.ArgList] running JenaConnect
2013-02-28 11:04:44.192 DEBUG [o.v.h.u.a.ArgList] command line args: -X institutions.config.xml
2013-02-28 11:04:44.197 DEBUG [o.v.h.u.a.ArgList] config file args: --jena /Users/stwi5210/Source/fis-harvester/institutions/harvested-data.model.xml --query PREFIX rdf:   <http://www.w3.org/1999/02/22-rdf-syntax-ns#> 
PREFIX rdfs:  <http://www.w3.org/2000/01/rdf-schema#> 
PREFIX vitro: <http://vitro.mannlib.cornell.edu/ns/vitro/0.7#> 
PREFIX core: <http://vivoweb.org/ontology/core#> 
PREFIX vlocal: <http://vivo.colorado.edu/ontology/vivo-fis#>  
Construct { 
 ?institution rdf:type core:University .  
 ?institution rdfs:label ?label .  
 ?institution vlocal:unitIdCode ?unitId .  
 ?institution vitro:moniker "University" . 
} 
Where {  
  ?institution <http://vivo.colorado.edu/ws_i_NAME> ?label .  
  ?institution <http://vivo.colorado.edu/ws_i_UNITIDCODE> ?unitId . 
} --fileOutput data/constructed-data
2013-02-28 11:04:44.203 TRACE [o.v.h.u.r.JenaConnect] 'dbDir' - 'data/harvested-data/'
2013-02-28 11:04:44.203 TRACE [o.v.h.u.r.JenaConnect] 'type' - 'tdb'
2013-02-28 11:04:44.735 INFO  [o.v.h.u.r.JenaConnect] Outputting to the specified location
2013-02-28 11:04:44.762 TRACE [o.v.h.u.r.MemJenaConnect] attempting to create temp file for: DEFAULT551345262
2013-02-28 11:04:44.763 TRACE [o.v.h.u.FileAide] Allocating temporary file space /var/folders/lj/qj39hmyx0_n2syq8ht7bdlym0000gp/T/DEFAULT5513452624626825150740899443.tdb  
2013-02-28 11:04:44.763 TRACE [o.v.h.u.r.MemJenaConnect] created: /var/folders/lj/qj39hmyx0_n2syq8ht7bdlym0000gp/T/DEFAULT5513452624626825150740899443.tdb
2013-02-28 11:04:45.565 INFO  [o.v.h.u.r.JenaConnect] JenaConnect: End
2013-02-28 11:04:45.574 TRACE [o.v.h.u.FileAide] Deleted temporary file space /var/folders/lj/qj39hmyx0_n2syq8ht7bdlym0000gp/T/DEFAULT5513452624626825150740899443.tdb  
2013-02-28 11:04:46.242 INFO  [o.v.h.u.r.JenaConnect] JenaConnect: Start
2013-02-28 11:04:46.245 DEBUG [o.v.h.u.a.ArgList] running JenaConnect
2013-02-28 11:04:46.246 DEBUG [o.v.h.u.a.ArgList] command line args: -X delete.config.xml
2013-02-28 11:04:46.250 DEBUG [o.v.h.u.a.ArgList] config file args: --jena /Users/stwi5210/Source/fis-harvester/institutions/vivo.model.xml --truncate 1
2013-02-28 11:04:46.255 TRACE [o.v.h.u.r.JenaConnect] 'dbLayout' - 'layout2'
2013-02-28 11:04:46.255 TRACE [o.v.h.u.r.JenaConnect] 'modelName' - 'http://vitro.mannlib.cornell.edu/a/graph/ws_i_construct'
2013-02-28 11:04:46.255 TRACE [o.v.h.u.r.JenaConnect] 'dbUrl' - 'jdbc:mysql://127.0.0.1:3306/uccs_vivo'
2013-02-28 11:04:46.255 TRACE [o.v.h.u.r.JenaConnect] 'dbClass' - 'com.mysql.jdbc.Driver'
2013-02-28 11:04:46.255 TRACE [o.v.h.u.r.JenaConnect] 'dbType' - 'MySQL'
2013-02-28 11:04:46.255 TRACE [o.v.h.u.r.JenaConnect] 'type' - 'sdb'
2013-02-28 11:04:46.803 INFO  [o.v.h.u.r.JenaConnect] Removing all triples
2013-02-28 11:04:47.810 INFO  [o.v.h.u.r.JenaConnect] JenaConnect: End
2013-02-28 11:04:48.415 INFO  [o.v.h.t.Transfer] Transfer: Start
2013-02-28 11:04:48.418 DEBUG [o.v.h.u.a.ArgList] running Transfer
2013-02-28 11:04:48.419 DEBUG [o.v.h.u.a.ArgList] command line args: -o vivo.model.xml -r data/constructed-data
2013-02-28 11:04:48.430 TRACE [o.v.h.u.r.JenaConnect] 'dbLayout' - 'layout2'
2013-02-28 11:04:48.431 TRACE [o.v.h.u.r.JenaConnect] 'modelName' - 'http://vitro.mannlib.cornell.edu/a/graph/ws_i_construct'
2013-02-28 11:04:48.431 TRACE [o.v.h.u.r.JenaConnect] 'dbUrl' - 'jdbc:mysql://127.0.0.1:3306/uccs_vivo'
2013-02-28 11:04:48.431 TRACE [o.v.h.u.r.JenaConnect] 'dbClass' - 'com.mysql.jdbc.Driver'
2013-02-28 11:04:48.431 TRACE [o.v.h.u.r.JenaConnect] 'dbType' - 'MySQL'
2013-02-28 11:04:48.431 TRACE [o.v.h.u.r.JenaConnect] 'type' - 'sdb'
2013-02-28 11:04:50.089 INFO  [o.v.h.t.Transfer] Transfer: End
