2013-02-28 11:03:00.239 INFO  [o.v.h.f.CSVFetch] CSVFetch: Start
2013-02-28 11:03:00.242 DEBUG [o.v.h.u.a.ArgList] running CSVFetch
2013-02-28 11:03:00.243 DEBUG [o.v.h.u.a.ArgList] command line args: -X csvfetch.config.xml
2013-02-28 11:03:00.250 DEBUG [o.v.h.u.a.ArgList] config file args: --propertyPrefix ws_i_ --file /Users/stwi5210/fis_institutions.dat --uriPrefix unitid_ --uriParameter UNITIDCODE --type ws_i --output /Users/stwi5210/Source/fis-harvester/institutions/harvested-data.model.xml --seperated , --namespace http://vivo.colorado.edu/
2013-02-28 11:03:00.263 TRACE [o.v.h.u.r.JenaConnect] 'dbDir' - 'data/harvested-data/'
2013-02-28 11:03:00.263 TRACE [o.v.h.u.r.JenaConnect] 'type' - 'tdb'
2013-02-28 11:03:01.623 INFO  [o.v.h.f.CSVFetch] CSVFetch: End
2013-02-28 11:03:02.627 ERROR [o.v.h.u.r.JenaConnect] org.xml.sax.SAXParseException: Element type "http:" must be followed by either attribute specifications, ">" or "/>".
2013-02-28 11:03:02.636 DEBUG [o.v.h.u.r.JenaConnect] Stacktrace:
java.io.IOException: org.xml.sax.SAXParseException: Element type "http:" must be followed by either attribute specifications, ">" or "/>".
	at org.vivoweb.harvester.util.args.ArgList$ConfigParser.parseConfig(ArgList.java:374) ~[harvester.jar:na]
	at org.vivoweb.harvester.util.args.ArgList.<init>(ArgList.java:85) ~[harvester.jar:na]
	at org.vivoweb.harvester.util.args.ArgParser.parse(ArgParser.java:125) ~[harvester.jar:na]
	at org.vivoweb.harvester.util.InitLog.initLogger(InitLog.java:130) ~[harvester.jar:na]
	at org.vivoweb.harvester.util.repo.JenaConnect.main(JenaConnect.java:889) ~[harvester.jar:na]
Caused by: org.xml.sax.SAXParseException: Element type "http:" must be followed by either attribute specifications, ">" or "/>".
	at org.apache.xerces.util.ErrorHandlerWrapper.createSAXParseException(Unknown Source) ~[xercesImpl-2.7.1.jar:na]
	at org.apache.xerces.util.ErrorHandlerWrapper.fatalError(Unknown Source) ~[xercesImpl-2.7.1.jar:na]
	at org.apache.xerces.impl.XMLErrorReporter.reportError(Unknown Source) ~[xercesImpl-2.7.1.jar:na]
	at org.apache.xerces.impl.XMLErrorReporter.reportError(Unknown Source) ~[xercesImpl-2.7.1.jar:na]
	at org.apache.xerces.impl.XMLScanner.reportFatalError(Unknown Source) ~[xercesImpl-2.7.1.jar:na]
	at org.apache.xerces.impl.XMLDocumentFragmentScannerImpl.scanStartElement(Unknown Source) ~[xercesImpl-2.7.1.jar:na]
	at org.apache.xerces.impl.XMLDocumentFragmentScannerImpl$FragmentContentDispatcher.dispatch(Unknown Source) ~[xercesImpl-2.7.1.jar:na]
	at org.apache.xerces.impl.XMLDocumentFragmentScannerImpl.scanDocument(Unknown Source) ~[xercesImpl-2.7.1.jar:na]
	at org.apache.xerces.parsers.XML11Configuration.parse(Unknown Source) ~[xercesImpl-2.7.1.jar:na]
	at org.apache.xerces.parsers.XML11Configuration.parse(Unknown Source) ~[xercesImpl-2.7.1.jar:na]
	at org.apache.xerces.parsers.XMLParser.parse(Unknown Source) ~[xercesImpl-2.7.1.jar:na]
	at org.apache.xerces.parsers.AbstractSAXParser.parse(Unknown Source) ~[xercesImpl-2.7.1.jar:na]
	at org.apache.xerces.jaxp.SAXParserImpl$JAXPSAXParser.parse(Unknown Source) ~[xercesImpl-2.7.1.jar:na]
	at javax.xml.parsers.SAXParser.parse(SAXParser.java:395) ~[na:1.6.0_41]
	at javax.xml.parsers.SAXParser.parse(SAXParser.java:198) ~[na:1.6.0_41]
	at org.vivoweb.harvester.util.args.ArgList$ConfigParser.parseConfig(ArgList.java:370) ~[harvester.jar:na]
	... 4 common frames omitted
2013-02-28 11:03:02.638 INFO  [o.v.h.u.r.JenaConnect] JenaConnect: End
