2013-03-06 10:09:43.419 INFO  [o.v.h.f.CSVFetch] CSVFetch: Start
2013-03-06 10:09:43.422 DEBUG [o.v.h.u.a.ArgList] running CSVFetch
2013-03-06 10:09:43.423 DEBUG [o.v.h.u.a.ArgList] command line args: -X csvfetch.config.xml
2013-03-06 10:09:43.431 DEBUG [o.v.h.u.a.ArgList] config file args: --propertyPrefix ws_fm2sa_ --file /Users/stwi5210/fis_faculty_member_subject_areas.dat --uriPrefix fsid_ --uriParameter FISID --type FACSUB --output /Users/stwi5210/Source/fis-harvester/facultySubjectAreas/harvested-data.model.xml --seperated , --namespace http://vivo.colorado.edu/
2013-03-06 10:09:43.443 TRACE [o.v.h.u.r.JenaConnect] 'dbDir' - 'data/harvested-data/'
2013-03-06 10:09:43.443 TRACE [o.v.h.u.r.JenaConnect] 'type' - 'tdb'
2013-03-06 10:09:46.344 INFO  [o.v.h.f.CSVFetch] CSVFetch: End
2013-03-06 10:09:47.444 INFO  [o.v.h.u.r.JenaConnect] JenaConnect: Start
2013-03-06 10:09:47.448 DEBUG [o.v.h.u.a.ArgList] running JenaConnect
2013-03-06 10:09:47.448 DEBUG [o.v.h.u.a.ArgList] command line args: -X delete.config.xml
2013-03-06 10:09:47.453 DEBUG [o.v.h.u.a.ArgList] config file args: --jena /Users/stwi5210/Source/fis-harvester/facultySubjectAreas/vivo.model.xml --truncate 1
2013-03-06 10:09:47.458 TRACE [o.v.h.u.r.JenaConnect] 'dbLayout' - 'layout2'
2013-03-06 10:09:47.459 TRACE [o.v.h.u.r.JenaConnect] 'modelName' - 'http://vitro.mannlib.cornell.edu/a/graph/ws_fm2sa_construct'
2013-03-06 10:09:47.459 TRACE [o.v.h.u.r.JenaConnect] 'dbUrl' - 'jdbc:mysql://127.0.0.1:3306/uccs_vivo'
2013-03-06 10:09:47.459 TRACE [o.v.h.u.r.JenaConnect] 'dbClass' - 'com.mysql.jdbc.Driver'
2013-03-06 10:09:47.459 TRACE [o.v.h.u.r.JenaConnect] 'dbType' - 'MySQL'
2013-03-06 10:09:47.459 TRACE [o.v.h.u.r.JenaConnect] 'type' - 'sdb'
2013-03-06 10:09:48.136 INFO  [o.v.h.u.r.JenaConnect] Removing all triples
2013-03-06 10:09:48.198 INFO  [o.v.h.u.r.JenaConnect] JenaConnect: End
2013-03-06 10:09:48.971 INFO  [o.v.h.t.SPARQLTranslator] SPARQLTranslator: Start
2013-03-06 10:09:48.975 DEBUG [o.v.h.u.a.ArgList] running SPARQLTranslator
2013-03-06 10:09:48.975 DEBUG [o.v.h.u.a.ArgList] command line args: -X facultySubjectAreas.config.xml
2013-03-06 10:09:48.981 DEBUG [o.v.h.u.a.ArgList] config file args: --input harvested-data.model.xml --input vivo-fac.model.xml --input vivo-sub.model.xml --sparqlConstruct create-query --output vivo.model.xml
2013-03-06 10:09:48.988 TRACE [o.v.h.u.r.MemJenaConnect] attempting to create temp file for: urn&#58;x-arq&#58;UnionGraph
2013-03-06 10:09:49.020 TRACE [o.v.h.u.FileAide] Allocating temporary file space /var/folders/lj/qj39hmyx0_n2syq8ht7bdlym0000gp/T/urn&#58;x-arq&#58;UnionGraph908519464922106789.tdb  
2013-03-06 10:09:49.020 TRACE [o.v.h.u.r.MemJenaConnect] created: /var/folders/lj/qj39hmyx0_n2syq8ht7bdlym0000gp/T/urn&#58;x-arq&#58;UnionGraph908519464922106789.tdb
2013-03-06 10:09:49.618 TRACE [o.v.h.u.r.JenaConnect] 'dbDir' - 'data/harvested-data/'
2013-03-06 10:09:49.618 TRACE [o.v.h.u.r.JenaConnect] 'type' - 'tdb'
2013-03-06 10:09:51.355 TRACE [o.v.h.t.SPARQLTranslator] Input Model http://vivoweb.org/harvester/model/translate/model1 with 15751 statements
2013-03-06 10:09:51.359 TRACE [o.v.h.u.r.JenaConnect] 'dbLayout' - 'layout2'
2013-03-06 10:09:51.359 TRACE [o.v.h.u.r.JenaConnect] 'modelName' - 'http://vitro.mannlib.cornell.edu/a/graph/ws_fm2sa_construct'
2013-03-06 10:09:51.359 TRACE [o.v.h.u.r.JenaConnect] 'dbUrl' - 'jdbc:mysql://127.0.0.1:3306/uccs_vivo'
2013-03-06 10:09:51.359 TRACE [o.v.h.u.r.JenaConnect] 'dbClass' - 'com.mysql.jdbc.Driver'
2013-03-06 10:09:51.359 TRACE [o.v.h.u.r.JenaConnect] 'dbType' - 'MySQL'
2013-03-06 10:09:51.360 TRACE [o.v.h.u.r.JenaConnect] 'type' - 'sdb'
2013-03-06 10:09:51.692 TRACE [o.v.h.t.SPARQLTranslator] Input Model http://vivoweb.org/harvester/model/translate/model2 with 0 statements
2013-03-06 10:09:51.696 TRACE [o.v.h.u.r.JenaConnect] 'dbLayout' - 'layout2'
2013-03-06 10:09:51.696 TRACE [o.v.h.u.r.JenaConnect] 'modelName' - 'http://vitro.mannlib.cornell.edu/a/graph/ws_fm2sa_construct'
2013-03-06 10:09:51.696 TRACE [o.v.h.u.r.JenaConnect] 'dbUrl' - 'jdbc:mysql://127.0.0.1:3306/uccs_vivo'
2013-03-06 10:09:51.696 TRACE [o.v.h.u.r.JenaConnect] 'dbClass' - 'com.mysql.jdbc.Driver'
2013-03-06 10:09:51.696 TRACE [o.v.h.u.r.JenaConnect] 'dbType' - 'MySQL'
2013-03-06 10:09:51.696 TRACE [o.v.h.u.r.JenaConnect] 'type' - 'sdb'
2013-03-06 10:09:51.742 TRACE [o.v.h.t.SPARQLTranslator] Input Model http://vivoweb.org/harvester/model/translate/model3 with 0 statements
2013-03-06 10:09:51.746 TRACE [o.v.h.u.r.JenaConnect] 'dbLayout' - 'layout2'
2013-03-06 10:09:51.747 TRACE [o.v.h.u.r.JenaConnect] 'modelName' - 'http://vitro.mannlib.cornell.edu/a/graph/ws_fm2sa_construct'
2013-03-06 10:09:51.747 TRACE [o.v.h.u.r.JenaConnect] 'dbUrl' - 'jdbc:mysql://127.0.0.1:3306/uccs_vivo'
2013-03-06 10:09:51.747 TRACE [o.v.h.u.r.JenaConnect] 'dbClass' - 'com.mysql.jdbc.Driver'
2013-03-06 10:09:51.747 TRACE [o.v.h.u.r.JenaConnect] 'dbType' - 'MySQL'
2013-03-06 10:09:51.747 TRACE [o.v.h.u.r.JenaConnect] 'type' - 'sdb'
2013-03-06 10:09:51.786 TRACE [o.v.h.t.SPARQLTranslator] PREFIX rdf:   <http://www.w3.org/1999/02/22-rdf-syntax-ns#> PREFIX rdfs:  <http://www.w3.org/2000/01/rdf-schema#> PREFIX core: <http://vivoweb.org/ontology/core#>  Construct {  ?person <http://vivoweb.org/ontology/core#hasResearchArea> ?subject . } Where {  ?person <http://vivo.colorado.edu/ws_fm2sa_HASRESEARCHAREA> ?descRA .   ?subject rdfs:label ?desc .  FILTER((?desc)=(?descRA)) }
2013-03-06 10:09:51.842 TRACE [o.v.h.t.SPARQLTranslator] Input Jena's Total Size: 15751
2013-03-06 10:09:51.842 DEBUG [o.v.h.t.SPARQLTranslator] Executing Query
2013-03-06 10:09:51.843 TRACE [o.v.h.u.r.MemJenaConnect] attempting to create temp file for: DEFAULT1146503098
2013-03-06 10:09:51.843 TRACE [o.v.h.u.FileAide] Allocating temporary file space /var/folders/lj/qj39hmyx0_n2syq8ht7bdlym0000gp/T/DEFAULT11465030984329402110334018253.tdb  
2013-03-06 10:09:51.843 TRACE [o.v.h.u.r.MemJenaConnect] created: /var/folders/lj/qj39hmyx0_n2syq8ht7bdlym0000gp/T/DEFAULT11465030984329402110334018253.tdb
2013-03-06 10:09:52.437 DEBUG [o.v.h.t.SPARQLTranslator] <?xml version="1.0"?>
<rdf:RDF
    xmlns:geo="http://aims.fao.org/aos/geopolitical.owl#"
    xmlns:skos="http://www.w3.org/2004/02/skos/core#"
    xmlns:ero="http://purl.obolibrary.org/obo/"
    xmlns:event="http://purl.org/NET/c4dm/event.owl#"
    xmlns:fn="http://www.w3.org/2005/xpath-functions#"
    xmlns:pvs="http://vivoweb.org/ontology/provenance-support#"
    xmlns:dcelem="http://purl.org/dc/elements/1.1/"
    xmlns:core="http://vivoweb.org/ontology/core#"
    xmlns:swrlb="http://www.w3.org/2003/11/swrlb#"
    xmlns:vitro="http://vitro.mannlib.cornell.edu/ns/vitro/0.7#"
    xmlns:rdf="http://www.w3.org/1999/02/22-rdf-syntax-ns#"
    xmlns:bibo="http://purl.org/ontology/bibo/"
    xmlns:foaf="http://xmlns.com/foaf/0.1/"
    xmlns:owl="http://www.w3.org/2002/07/owl#"
    xmlns:dcterms="http://purl.org/dc/terms/"
    xmlns:scires="http://vivoweb.org/ontology/scientific-research#"
    xmlns:xsd="http://www.w3.org/2001/XMLSchema#"
    xmlns:swrl="http://www.w3.org/2003/11/swrl#"
    xmlns:vlocal="http://vivo.colorado.edu/ontology/vivo-fis#"
    xmlns:rdfs="http://www.w3.org/2000/01/rdf-schema#" > 
</rdf:RDF>

2013-03-06 10:09:52.441 TRACE [o.v.h.t.SPARQLTranslator] Total Size of Constructed Output: 0
2013-03-06 10:09:52.444 TRACE [o.v.h.t.SPARQLTranslator] Total Number of Elements: 0
2013-03-06 10:09:52.444 INFO  [o.v.h.t.SPARQLTranslator] Translation: End
2013-03-06 10:09:52.445 INFO  [o.v.h.t.SPARQLTranslator] SPARQLTranslator: End
2013-03-06 10:09:52.457 TRACE [o.v.h.u.FileAide] Deleted temporary file space /var/folders/lj/qj39hmyx0_n2syq8ht7bdlym0000gp/T/urn&#58;x-arq&#58;UnionGraph908519464922106789.tdb  
2013-03-06 10:09:52.464 TRACE [o.v.h.u.FileAide] Deleted temporary file space /var/folders/lj/qj39hmyx0_n2syq8ht7bdlym0000gp/T/DEFAULT11465030984329402110334018253.tdb  
2013-03-06 10:09:53.232 INFO  [o.v.h.t.Transfer] Transfer: Start
2013-03-06 10:09:53.236 DEBUG [o.v.h.u.a.ArgList] running Transfer
2013-03-06 10:09:53.237 DEBUG [o.v.h.u.a.ArgList] command line args: -i vivo.model.xml -d data/constructed-data
2013-03-06 10:09:53.250 TRACE [o.v.h.u.r.JenaConnect] 'dbLayout' - 'layout2'
2013-03-06 10:09:53.251 TRACE [o.v.h.u.r.JenaConnect] 'modelName' - 'http://vitro.mannlib.cornell.edu/a/graph/ws_fm2sa_construct'
2013-03-06 10:09:53.251 TRACE [o.v.h.u.r.JenaConnect] 'dbUrl' - 'jdbc:mysql://127.0.0.1:3306/uccs_vivo'
2013-03-06 10:09:53.251 TRACE [o.v.h.u.r.JenaConnect] 'dbClass' - 'com.mysql.jdbc.Driver'
2013-03-06 10:09:53.251 TRACE [o.v.h.u.r.JenaConnect] 'dbType' - 'MySQL'
2013-03-06 10:09:53.251 TRACE [o.v.h.u.r.JenaConnect] 'type' - 'sdb'
2013-03-06 10:09:53.944 TRACE [o.v.h.u.r.MemJenaConnect] attempting to create temp file for: DEFAULT174980896
2013-03-06 10:09:53.945 TRACE [o.v.h.u.FileAide] Allocating temporary file space /var/folders/lj/qj39hmyx0_n2syq8ht7bdlym0000gp/T/DEFAULT1749808961732910364759619519.tdb  
2013-03-06 10:09:53.945 TRACE [o.v.h.u.r.MemJenaConnect] created: /var/folders/lj/qj39hmyx0_n2syq8ht7bdlym0000gp/T/DEFAULT1749808961732910364759619519.tdb
2013-03-06 10:09:54.124 DEBUG [o.v.h.t.Transfer] No Output Specified, Using In-Memory Jena Model As Temporary Model
2013-03-06 10:09:54.269 INFO  [o.v.h.t.Transfer] Transfer: End
2013-03-06 10:09:54.282 TRACE [o.v.h.u.FileAide] Deleted temporary file space /var/folders/lj/qj39hmyx0_n2syq8ht7bdlym0000gp/T/DEFAULT1749808961732910364759619519.tdb  
2013-03-06 10:09:55.066 INFO  [o.v.h.t.Transfer] Transfer: Start
2013-03-06 10:09:55.070 DEBUG [o.v.h.u.a.ArgList] running Transfer
2013-03-06 10:09:55.071 DEBUG [o.v.h.u.a.ArgList] command line args: -i vivo-sub.model.xml -d data/constructed-data-sub
2013-03-06 10:09:55.085 TRACE [o.v.h.u.r.JenaConnect] 'dbLayout' - 'layout2'
2013-03-06 10:09:55.086 TRACE [o.v.h.u.r.JenaConnect] 'modelName' - 'http://vitro.mannlib.cornell.edu/a/graph/ws_fm2sa_construct'
2013-03-06 10:09:55.086 TRACE [o.v.h.u.r.JenaConnect] 'dbUrl' - 'jdbc:mysql://127.0.0.1:3306/uccs_vivo'
2013-03-06 10:09:55.086 TRACE [o.v.h.u.r.JenaConnect] 'dbClass' - 'com.mysql.jdbc.Driver'
2013-03-06 10:09:55.086 TRACE [o.v.h.u.r.JenaConnect] 'dbType' - 'MySQL'
2013-03-06 10:09:55.086 TRACE [o.v.h.u.r.JenaConnect] 'type' - 'sdb'
2013-03-06 10:09:55.782 TRACE [o.v.h.u.r.MemJenaConnect] attempting to create temp file for: DEFAULT425291697
2013-03-06 10:09:55.783 TRACE [o.v.h.u.FileAide] Allocating temporary file space /var/folders/lj/qj39hmyx0_n2syq8ht7bdlym0000gp/T/DEFAULT4252916975025207306627313137.tdb  
2013-03-06 10:09:55.783 TRACE [o.v.h.u.r.MemJenaConnect] created: /var/folders/lj/qj39hmyx0_n2syq8ht7bdlym0000gp/T/DEFAULT4252916975025207306627313137.tdb
2013-03-06 10:09:55.970 DEBUG [o.v.h.t.Transfer] No Output Specified, Using In-Memory Jena Model As Temporary Model
2013-03-06 10:09:56.113 INFO  [o.v.h.t.Transfer] Transfer: End
2013-03-06 10:09:56.127 TRACE [o.v.h.u.FileAide] Deleted temporary file space /var/folders/lj/qj39hmyx0_n2syq8ht7bdlym0000gp/T/DEFAULT4252916975025207306627313137.tdb  
