2013-03-06 09:57:09.947 INFO  [o.v.h.f.CSVFetch] CSVFetch: Start
2013-03-06 09:57:09.950 DEBUG [o.v.h.u.a.ArgList] running CSVFetch
2013-03-06 09:57:09.950 DEBUG [o.v.h.u.a.ArgList] command line args: -X csvfetch.config.xml
2013-03-06 09:57:09.957 DEBUG [o.v.h.u.a.ArgList] config file args: --propertyPrefix fsid_ --file /Users/stwi5210/fis_faculty_member_subject_areas.dat --uriPrefix ws_fm2sa_ --uriParameter FISID --type FACSUB --output /Users/stwi5210/Source/fis-harvester/facultySubjectAreas/harvested-data.model.xml --seperated , --namespace http://vivo.colorado.edu/
2013-03-06 09:57:09.975 TRACE [o.v.h.u.r.JenaConnect] 'dbDir' - 'data/harvested-data/'
2013-03-06 09:57:09.975 TRACE [o.v.h.u.r.JenaConnect] 'type' - 'tdb'
2013-03-06 09:57:12.218 INFO  [o.v.h.f.CSVFetch] CSVFetch: End
2013-03-06 09:57:13.278 INFO  [o.v.h.u.r.JenaConnect] JenaConnect: Start
2013-03-06 09:57:13.281 DEBUG [o.v.h.u.a.ArgList] running JenaConnect
2013-03-06 09:57:13.281 DEBUG [o.v.h.u.a.ArgList] command line args: -X delete.config.xml
2013-03-06 09:57:13.285 DEBUG [o.v.h.u.a.ArgList] config file args: --jena /Users/stwi5210/Source/fis-harvester/facultySubjectAreas/vivo.model.xml --truncate 1
2013-03-06 09:57:13.290 TRACE [o.v.h.u.r.JenaConnect] 'dbLayout' - 'layout2'
2013-03-06 09:57:13.290 TRACE [o.v.h.u.r.JenaConnect] 'modelName' - 'http://vitro.mannlib.cornell.edu/a/graph/ws_fm2sa_construct'
2013-03-06 09:57:13.290 TRACE [o.v.h.u.r.JenaConnect] 'dbUrl' - 'jdbc:mysql://127.0.0.1:3306/uccs_vivo'
2013-03-06 09:57:13.291 TRACE [o.v.h.u.r.JenaConnect] 'dbClass' - 'com.mysql.jdbc.Driver'
2013-03-06 09:57:13.291 TRACE [o.v.h.u.r.JenaConnect] 'dbType' - 'MySQL'
2013-03-06 09:57:13.291 TRACE [o.v.h.u.r.JenaConnect] 'type' - 'sdb'
2013-03-06 09:57:13.415 ERROR [o.v.h.u.r.JenaConnect] com.mysql.jdbc.exceptions.jdbc4.CommunicationsException: Communications link failure

The last packet sent successfully to the server was 0 milliseconds ago. The driver has not received any packets from the server.
2013-03-06 09:57:13.420 DEBUG [o.v.h.u.r.JenaConnect] Stacktrace:
java.io.IOException: com.mysql.jdbc.exceptions.jdbc4.CommunicationsException: Communications link failure

The last packet sent successfully to the server was 0 milliseconds ago. The driver has not received any packets from the server.
	at org.vivoweb.harvester.util.repo.DBJenaConnect.buildConnection(DBJenaConnect.java:91) ~[harvester.jar:na]
	at org.vivoweb.harvester.util.repo.SDBJenaConnect.<init>(SDBJenaConnect.java:80) ~[harvester.jar:na]
	at org.vivoweb.harvester.util.repo.JenaConnect.build(JenaConnect.java:145) ~[harvester.jar:na]
	at org.vivoweb.harvester.util.repo.JenaConnect.parseConfig(JenaConnect.java:97) ~[harvester.jar:na]
	at org.vivoweb.harvester.util.repo.JenaConnect.parseConfig(JenaConnect.java:119) ~[harvester.jar:na]
	at org.vivoweb.harvester.util.repo.JenaConnect.run(JenaConnect.java:864) ~[harvester.jar:na]
	at org.vivoweb.harvester.util.repo.JenaConnect.main(JenaConnect.java:891) ~[harvester.jar:na]
Caused by: com.mysql.jdbc.exceptions.jdbc4.CommunicationsException: Communications link failure

The last packet sent successfully to the server was 0 milliseconds ago. The driver has not received any packets from the server.
	at sun.reflect.NativeConstructorAccessorImpl.newInstance0(Native Method) ~[na:1.6.0_43]
	at sun.reflect.NativeConstructorAccessorImpl.newInstance(NativeConstructorAccessorImpl.java:39) ~[na:1.6.0_43]
	at sun.reflect.DelegatingConstructorAccessorImpl.newInstance(DelegatingConstructorAccessorImpl.java:27) ~[na:1.6.0_43]
	at java.lang.reflect.Constructor.newInstance(Constructor.java:513) ~[na:1.6.0_43]
	at com.mysql.jdbc.Util.handleNewInstance(Util.java:407) ~[mysql-connector-java-5.1.15.jar:na]
	at com.mysql.jdbc.SQLError.createCommunicationsException(SQLError.java:1116) ~[mysql-connector-java-5.1.15.jar:na]
	at com.mysql.jdbc.MysqlIO.<init>(MysqlIO.java:346) ~[mysql-connector-java-5.1.15.jar:na]
	at com.mysql.jdbc.ConnectionImpl.coreConnect(ConnectionImpl.java:2334) ~[mysql-connector-java-5.1.15.jar:na]
	at com.mysql.jdbc.ConnectionImpl.connectOneTryOnly(ConnectionImpl.java:2371) ~[mysql-connector-java-5.1.15.jar:na]
	at com.mysql.jdbc.ConnectionImpl.createNewIO(ConnectionImpl.java:2163) ~[mysql-connector-java-5.1.15.jar:na]
	at com.mysql.jdbc.ConnectionImpl.<init>(ConnectionImpl.java:794) ~[mysql-connector-java-5.1.15.jar:na]
	at com.mysql.jdbc.JDBC4Connection.<init>(JDBC4Connection.java:47) ~[mysql-connector-java-5.1.15.jar:na]
	at sun.reflect.NativeConstructorAccessorImpl.newInstance0(Native Method) ~[na:1.6.0_43]
	at sun.reflect.NativeConstructorAccessorImpl.newInstance(NativeConstructorAccessorImpl.java:39) ~[na:1.6.0_43]
	at sun.reflect.DelegatingConstructorAccessorImpl.newInstance(DelegatingConstructorAccessorImpl.java:27) ~[na:1.6.0_43]
	at java.lang.reflect.Constructor.newInstance(Constructor.java:513) ~[na:1.6.0_43]
	at com.mysql.jdbc.Util.handleNewInstance(Util.java:407) ~[mysql-connector-java-5.1.15.jar:na]
	at com.mysql.jdbc.ConnectionImpl.getInstance(ConnectionImpl.java:378) ~[mysql-connector-java-5.1.15.jar:na]
	at com.mysql.jdbc.NonRegisteringDriver.connect(NonRegisteringDriver.java:305) ~[mysql-connector-java-5.1.15.jar:na]
	at java.sql.DriverManager.getConnection(DriverManager.java:582) ~[na:1.6.0_43]
	at java.sql.DriverManager.getConnection(DriverManager.java:185) ~[na:1.6.0_43]
	at org.vivoweb.harvester.util.repo.DBJenaConnect.buildConnection(DBJenaConnect.java:89) ~[harvester.jar:na]
	... 6 common frames omitted
Caused by: java.net.ConnectException: Connection refused
	at java.net.PlainSocketImpl.socketConnect(Native Method) ~[na:1.6.0_43]
	at java.net.PlainSocketImpl.doConnect(PlainSocketImpl.java:351) ~[na:1.6.0_43]
	at java.net.PlainSocketImpl.connectToAddress(PlainSocketImpl.java:213) ~[na:1.6.0_43]
	at java.net.PlainSocketImpl.connect(PlainSocketImpl.java:200) ~[na:1.6.0_43]
	at java.net.SocksSocketImpl.connect(SocksSocketImpl.java:432) ~[na:1.6.0_43]
	at java.net.Socket.connect(Socket.java:529) ~[na:1.6.0_43]
	at java.net.Socket.connect(Socket.java:478) ~[na:1.6.0_43]
	at java.net.Socket.<init>(Socket.java:375) ~[na:1.6.0_43]
	at java.net.Socket.<init>(Socket.java:218) ~[na:1.6.0_43]
	at com.mysql.jdbc.StandardSocketFactory.connect(StandardSocketFactory.java:254) ~[mysql-connector-java-5.1.15.jar:na]
	at com.mysql.jdbc.MysqlIO.<init>(MysqlIO.java:295) ~[mysql-connector-java-5.1.15.jar:na]
	... 21 common frames omitted
2013-03-06 09:57:13.422 INFO  [o.v.h.u.r.JenaConnect] JenaConnect: End
