2013-03-06 11:16:20.124 INFO  [o.v.h.f.CSVFetch] CSVFetch: Start
2013-03-06 11:16:20.127 DEBUG [o.v.h.u.a.ArgList] running CSVFetch
2013-03-06 11:16:20.128 DEBUG [o.v.h.u.a.ArgList] command line args: -X csvfetch.config.xml
2013-03-06 11:16:20.135 DEBUG [o.v.h.u.a.ArgList] config file args: --propertyPrefix ws_fm2r_ --file /Users/stwi5210/fis_faculty_member_regions.dat --uriPrefix fsid_ --uriParameter FISID --type REGION --output harvested-data.model.xml --seperated , --namespace http://vivo.colorado.edu/
2013-03-06 11:16:20.144 TRACE [o.v.h.u.r.JenaConnect] 'dbDir' - 'data/harvested-data/'
2013-03-06 11:16:20.145 TRACE [o.v.h.u.r.JenaConnect] 'type' - 'tdb'
2013-03-06 11:16:21.334 INFO  [o.v.h.f.CSVFetch] CSVFetch: End
2013-03-06 11:16:22.267 INFO  [o.v.h.u.r.JenaConnect] JenaConnect: Start
2013-03-06 11:16:22.270 DEBUG [o.v.h.u.a.ArgList] running JenaConnect
2013-03-06 11:16:22.270 DEBUG [o.v.h.u.a.ArgList] command line args: -X delete.config.xml
2013-03-06 11:16:22.274 DEBUG [o.v.h.u.a.ArgList] config file args: --jena vivo.model.xml --truncate 1
2013-03-06 11:16:22.279 TRACE [o.v.h.u.r.JenaConnect] 'dbLayout' - 'layout2'
2013-03-06 11:16:22.279 TRACE [o.v.h.u.r.JenaConnect] 'modelName' - 'http://vitro.mannlib.cornell.edu/a/graph/ws_fm2r_construct'
2013-03-06 11:16:22.279 TRACE [o.v.h.u.r.JenaConnect] 'dbUrl' - 'jdbc:mysql://127.0.0.1:3306/uccs_vivo'
2013-03-06 11:16:22.279 TRACE [o.v.h.u.r.JenaConnect] 'dbClass' - 'com.mysql.jdbc.Driver'
2013-03-06 11:16:22.279 TRACE [o.v.h.u.r.JenaConnect] 'dbType' - 'MySQL'
2013-03-06 11:16:22.279 TRACE [o.v.h.u.r.JenaConnect] 'type' - 'sdb'
2013-03-06 11:16:22.893 INFO  [o.v.h.u.r.JenaConnect] Removing all triples
2013-03-06 11:16:23.211 INFO  [o.v.h.u.r.JenaConnect] JenaConnect: End
2013-03-06 11:16:23.778 ERROR [o.v.h.t.SPARQLTranslator] Could not read from "file:///Users/stwi5210/Source/fis-harvester/facultyRegions/facultyCountries.config.xml" because it is a not a file.
2013-03-06 11:16:23.783 DEBUG [o.v.h.t.SPARQLTranslator] Stacktrace:
org.apache.commons.vfs.FileSystemException: Could not read from "file:///Users/stwi5210/Source/fis-harvester/facultyRegions/facultyCountries.config.xml" because it is a not a file.
	at org.apache.commons.vfs.provider.AbstractFileObject.getInputStream(AbstractFileObject.java:1109) ~[commons-vfs-1.0.jar:1.0]
	at org.apache.commons.vfs.provider.DefaultFileContent.getInputStream(DefaultFileContent.java:317) ~[commons-vfs-1.0.jar:1.0]
	at org.vivoweb.harvester.util.FileAide.getInputStream(FileAide.java:158) ~[harvester.jar:na]
	at org.vivoweb.harvester.util.args.ArgList$ConfigParser.parseConfig(ArgList.java:370) ~[harvester.jar:na]
	at org.vivoweb.harvester.util.args.ArgList.<init>(ArgList.java:85) ~[harvester.jar:na]
	at org.vivoweb.harvester.util.args.ArgParser.parse(ArgParser.java:125) ~[harvester.jar:na]
	at org.vivoweb.harvester.util.InitLog.initLogger(InitLog.java:130) ~[harvester.jar:na]
	at org.vivoweb.harvester.translate.SPARQLTranslator.main(SPARQLTranslator.java:197) ~[harvester.jar:na]
2013-03-06 11:16:23.784 INFO  [o.v.h.t.SPARQLTranslator] SPARQLTranslator: End
