2013-02-28 09:37:52.659 INFO  [o.v.h.f.CSVFetch] CSVFetch: Start
2013-02-28 09:37:52.662 DEBUG [o.v.h.u.a.ArgList] running CSVFetch
2013-02-28 09:37:52.663 DEBUG [o.v.h.u.a.ArgList] command line args: -X csvfetch.config.xml
2013-02-28 09:37:52.669 DEBUG [o.v.h.u.a.ArgList] config file args: --propertyPrefix ws_sa_ --file /Users/stwi5210/fis_subject_areas.dat --uriPrefix spinid_ --uriParameter SPINID --type CONCEPT --output /Users/stwi5210/Source/fis-harvester/subjectAreas/harvested-data.model.xml --seperated , --namespace http://vivo.colorado.edu/
2013-02-28 09:37:52.678 TRACE [o.v.h.u.r.JenaConnect] 'dbDir' - 'data/harvested-data/'
2013-02-28 09:37:52.679 TRACE [o.v.h.u.r.JenaConnect] 'type' - 'tdb'
2013-02-28 09:37:54.464 INFO  [o.v.h.f.CSVFetch] CSVFetch: End
2013-02-28 09:37:55.403 INFO  [o.v.h.u.r.JenaConnect] JenaConnect: Start
2013-02-28 09:37:55.406 DEBUG [o.v.h.u.a.ArgList] running JenaConnect
2013-02-28 09:37:55.407 DEBUG [o.v.h.u.a.ArgList] command line args: -X subjectArea.config.xml
2013-02-28 09:37:55.412 DEBUG [o.v.h.u.a.ArgList] config file args: --jena /Users/stwi5210/Source/fis-harvester/subjectAreas/harvested-data.model.xml --query Construct {   
  ?subject <http://www.w3.org/1999/02/22-rdf-syntax-ns#type> <http://www.w3.org/2004/02/skos/core#Concept> .   
  ?subject <http://www.w3.org/2000/01/rdf-schema#label> ?label .     
  ?subject <http://vivo.colorado.edu/ontology/vivo-fis#spinId> ?spinId .     
  ?subject <http://vitro.mannlib.cornell.edu/ns/vitro/0.7#moniker> ?moniker  
}  
Where {   
  ?subject <http://vivo.colorado.edu/ws_sa_LABEL> ?label .     
  ?subject <http://vivo.colorado.edu/ws_sa_SPINID> ?spinId .     
  optional { ?subject <http://vivo.colorado.edu/ws_sa_MONIKER> ?moniker . }  
} --fileOutput data/constructed-data
2013-02-28 09:37:55.417 TRACE [o.v.h.u.r.JenaConnect] 'dbDir' - 'data/harvested-data/'
2013-02-28 09:37:55.417 TRACE [o.v.h.u.r.JenaConnect] 'type' - 'tdb'
2013-02-28 09:37:55.933 INFO  [o.v.h.u.r.JenaConnect] Outputting to the specified location
2013-02-28 09:37:55.962 TRACE [o.v.h.u.r.MemJenaConnect] attempting to create temp file for: DEFAULT898732570
2013-02-28 09:37:55.962 TRACE [o.v.h.u.FileAide] Allocating temporary file space /var/folders/lj/qj39hmyx0_n2syq8ht7bdlym0000gp/T/DEFAULT8987325708191669327847273529.tdb  
2013-02-28 09:37:55.963 TRACE [o.v.h.u.r.MemJenaConnect] created: /var/folders/lj/qj39hmyx0_n2syq8ht7bdlym0000gp/T/DEFAULT8987325708191669327847273529.tdb
2013-02-28 09:37:57.486 INFO  [o.v.h.u.r.JenaConnect] JenaConnect: End
2013-02-28 09:37:57.494 TRACE [o.v.h.u.FileAide] Deleted temporary file space /var/folders/lj/qj39hmyx0_n2syq8ht7bdlym0000gp/T/DEFAULT8987325708191669327847273529.tdb  
2013-02-28 09:37:58.242 INFO  [o.v.h.u.r.JenaConnect] JenaConnect: Start
2013-02-28 09:37:58.245 DEBUG [o.v.h.u.a.ArgList] running JenaConnect
2013-02-28 09:37:58.245 DEBUG [o.v.h.u.a.ArgList] command line args: -X delete.config.xml
2013-02-28 09:37:58.250 DEBUG [o.v.h.u.a.ArgList] config file args: --jena /Users/stwi5210/Source/fis-harvester/subjectAreas/vivo.model.xml --truncate 1
2013-02-28 09:37:58.254 TRACE [o.v.h.u.r.JenaConnect] 'dbLayout' - 'layout2'
2013-02-28 09:37:58.255 TRACE [o.v.h.u.r.JenaConnect] 'modelName' - 'http://vitro.mannlib.cornell.edu/a/graph/ws_sa_construct'
2013-02-28 09:37:58.255 TRACE [o.v.h.u.r.JenaConnect] 'dbUrl' - 'jdbc:mysql://127.0.0.1:3306/uccs_vivo'
2013-02-28 09:37:58.255 TRACE [o.v.h.u.r.JenaConnect] 'dbClass' - 'com.mysql.jdbc.Driver'
2013-02-28 09:37:58.255 TRACE [o.v.h.u.r.JenaConnect] 'dbType' - 'MySQL'
2013-02-28 09:37:58.255 TRACE [o.v.h.u.r.JenaConnect] 'type' - 'sdb'
2013-02-28 09:37:58.821 INFO  [o.v.h.u.r.JenaConnect] Removing all triples
2013-02-28 09:38:01.009 INFO  [o.v.h.u.r.JenaConnect] JenaConnect: End
2013-02-28 09:38:01.670 INFO  [o.v.h.t.Transfer] Transfer: Start
2013-02-28 09:38:01.673 DEBUG [o.v.h.u.a.ArgList] running Transfer
2013-02-28 09:38:01.674 DEBUG [o.v.h.u.a.ArgList] command line args: -o vivo.model.xml -r data/constructed-data
2013-02-28 09:38:01.693 TRACE [o.v.h.u.r.JenaConnect] 'dbLayout' - 'layout2'
2013-02-28 09:38:01.694 TRACE [o.v.h.u.r.JenaConnect] 'modelName' - 'http://vitro.mannlib.cornell.edu/a/graph/ws_sa_construct'
2013-02-28 09:38:01.694 TRACE [o.v.h.u.r.JenaConnect] 'dbUrl' - 'jdbc:mysql://127.0.0.1:3306/uccs_vivo'
2013-02-28 09:38:01.695 TRACE [o.v.h.u.r.JenaConnect] 'dbClass' - 'com.mysql.jdbc.Driver'
2013-02-28 09:38:01.695 TRACE [o.v.h.u.r.JenaConnect] 'dbType' - 'MySQL'
2013-02-28 09:38:01.695 TRACE [o.v.h.u.r.JenaConnect] 'type' - 'sdb'
2013-02-28 09:38:04.695 INFO  [o.v.h.t.Transfer] Transfer: End
