2013-02-28 09:36:57.411 INFO  [o.v.h.f.CSVFetch] CSVFetch: Start
2013-02-28 09:36:57.414 DEBUG [o.v.h.u.a.ArgList] running CSVFetch
2013-02-28 09:36:57.415 DEBUG [o.v.h.u.a.ArgList] command line args: -X csvfetch.config.xml
2013-02-28 09:36:57.422 DEBUG [o.v.h.u.a.ArgList] config file args: --propertyPrefix ws_sa_ --file /Users/stwi5210/fis_subject_areas.dat --uriPrefix spinid_ --uriParameter SPINID --type CONCEPT --output /Users/stwi5210/Source/fis-harvester/subjectAreas/harvested-data.model.xml --seperated , --namespace http://vivo.colorado.edu/
2013-02-28 09:36:57.441 TRACE [o.v.h.u.r.JenaConnect] 'dbDir' - 'data/harvested-data/'
2013-02-28 09:36:57.442 TRACE [o.v.h.u.r.JenaConnect] 'type' - 'tdb'
2013-02-28 09:36:59.538 INFO  [o.v.h.f.CSVFetch] CSVFetch: End
2013-02-28 09:37:00.664 INFO  [o.v.h.u.r.JenaConnect] JenaConnect: Start
2013-02-28 09:37:00.667 DEBUG [o.v.h.u.a.ArgList] running JenaConnect
2013-02-28 09:37:00.668 DEBUG [o.v.h.u.a.ArgList] command line args: -X subjectArea.config.xml
2013-02-28 09:37:00.673 DEBUG [o.v.h.u.a.ArgList] config file args: --jena /Users/stwi5210/Source/fis-harvester/subjectAreas/harvested-data.model.xml --query Construct {   
  ?subject <http://www.w3.org/1999/02/22-rdf-syntax-ns#type> <http://www.w3.org/2004/02/skos/core#Concept> .   
  ?subject <http://www.w3.org/2000/01/rdf-schema#label> ?label .     
  ?subject <http://vivo.colorado.edu/ontology/vivo-fis#spinId> ?spinId .     
  ?subject <http://vitro.mannlib.cornell.edu/ns/vitro/0.7#moniker> ?moniker  
}  
Where {   
  ?subject <http://vivo.colorado.edu/ws_sa_LABEL> ?label .     
  ?subject <http://vivo.colorado.edu/ws_sa_SPINID> ?spinId .     
  optional { ?subject <http://vivo.colorado.edu/ws_sa_MONIKER> ?moniker . }  
} --fileOutput data/constructed-data
2013-02-28 09:37:00.678 TRACE [o.v.h.u.r.JenaConnect] 'dbDir' - 'data/harvested-data/'
2013-02-28 09:37:00.678 TRACE [o.v.h.u.r.JenaConnect] 'type' - 'tdb'
2013-02-28 09:37:01.188 INFO  [o.v.h.u.r.JenaConnect] Outputting to the specified location
2013-02-28 09:37:01.222 TRACE [o.v.h.u.r.MemJenaConnect] attempting to create temp file for: DEFAULT1180497201
2013-02-28 09:37:01.224 TRACE [o.v.h.u.FileAide] Allocating temporary file space /var/folders/lj/qj39hmyx0_n2syq8ht7bdlym0000gp/T/DEFAULT11804972016233445158427245244.tdb  
2013-02-28 09:37:01.224 TRACE [o.v.h.u.r.MemJenaConnect] created: /var/folders/lj/qj39hmyx0_n2syq8ht7bdlym0000gp/T/DEFAULT11804972016233445158427245244.tdb
2013-02-28 09:37:02.760 INFO  [o.v.h.u.r.JenaConnect] JenaConnect: End
2013-02-28 09:37:02.771 TRACE [o.v.h.u.FileAide] Deleted temporary file space /var/folders/lj/qj39hmyx0_n2syq8ht7bdlym0000gp/T/DEFAULT11804972016233445158427245244.tdb  
2013-02-28 09:37:03.522 INFO  [o.v.h.u.r.JenaConnect] JenaConnect: Start
2013-02-28 09:37:03.525 DEBUG [o.v.h.u.a.ArgList] running JenaConnect
2013-02-28 09:37:03.525 DEBUG [o.v.h.u.a.ArgList] command line args: -X delete.config.xml
2013-02-28 09:37:03.530 DEBUG [o.v.h.u.a.ArgList] config file args: --jena /Users/stwi5210/Source/fis-harvester/subjectAreas/vivo.model.xml --truncate 1
2013-02-28 09:37:03.535 TRACE [o.v.h.u.r.JenaConnect] 'dbLayout' - 'layout2'
2013-02-28 09:37:03.535 TRACE [o.v.h.u.r.JenaConnect] 'modelName' - 'http://vitro.mannlib.cornell.edu/a/graph/ws_sa_construct'
2013-02-28 09:37:03.535 TRACE [o.v.h.u.r.JenaConnect] 'dbUrl' - 'jdbc:mysql://127.0.0.1:3306/uccs_vivo'
2013-02-28 09:37:03.535 TRACE [o.v.h.u.r.JenaConnect] 'dbClass' - 'com.mysql.jdbc.Driver'
2013-02-28 09:37:03.535 TRACE [o.v.h.u.r.JenaConnect] 'dbType' - 'MySQL'
2013-02-28 09:37:03.535 TRACE [o.v.h.u.r.JenaConnect] 'type' - 'sdb'
2013-02-28 09:37:04.196 INFO  [o.v.h.u.r.JenaConnect] Removing all triples
2013-02-28 09:37:04.275 INFO  [o.v.h.u.r.JenaConnect] JenaConnect: End
2013-02-28 09:37:04.879 INFO  [o.v.h.t.Transfer] Transfer: Start
2013-02-28 09:37:04.882 DEBUG [o.v.h.u.a.ArgList] running Transfer
2013-02-28 09:37:04.883 DEBUG [o.v.h.u.a.ArgList] command line args: -o vivo.model.xml -r data/constructed-data
2013-02-28 09:37:04.895 TRACE [o.v.h.u.r.JenaConnect] 'dbLayout' - 'layout2'
2013-02-28 09:37:04.895 TRACE [o.v.h.u.r.JenaConnect] 'modelName' - 'http://vitro.mannlib.cornell.edu/a/graph/ws_sa_construct'
2013-02-28 09:37:04.895 TRACE [o.v.h.u.r.JenaConnect] 'dbUrl' - 'jdbc:mysql://127.0.0.1:3306/uccs_vivo'
2013-02-28 09:37:04.895 TRACE [o.v.h.u.r.JenaConnect] 'dbClass' - 'com.mysql.jdbc.Driver'
2013-02-28 09:37:04.895 TRACE [o.v.h.u.r.JenaConnect] 'dbType' - 'MySQL'
2013-02-28 09:37:04.895 TRACE [o.v.h.u.r.JenaConnect] 'type' - 'sdb'
2013-02-28 09:37:08.303 INFO  [o.v.h.t.Transfer] Transfer: End
