2013-03-06 10:40:10.187 INFO  [o.v.h.f.CSVFetch] CSVFetch: Start
2013-03-06 10:40:10.190 DEBUG [o.v.h.u.a.ArgList] running CSVFetch
2013-03-06 10:40:10.191 DEBUG [o.v.h.u.a.ArgList] command line args: -X csvfetch.config.xml
2013-03-06 10:40:10.197 DEBUG [o.v.h.u.a.ArgList] config file args: --propertyPrefix ws_fm2c_ --file /Users/stwi5210/fis_faculty_member_countries.dat --uriPrefix fsid_ --uriParameter FISID --type COUNTRY --output harvested-data.model.xml --seperated , --namespace http://vivo.colorado.edu/
2013-03-06 10:40:10.207 TRACE [o.v.h.u.r.JenaConnect] 'dbDir' - 'data/harvested-data/'
2013-03-06 10:40:10.207 TRACE [o.v.h.u.r.JenaConnect] 'type' - 'tdb'
2013-03-06 10:40:12.029 INFO  [o.v.h.f.CSVFetch] CSVFetch: End
2013-03-06 10:40:13.086 INFO  [o.v.h.u.r.JenaConnect] JenaConnect: Start
2013-03-06 10:40:13.089 DEBUG [o.v.h.u.a.ArgList] running JenaConnect
2013-03-06 10:40:13.090 DEBUG [o.v.h.u.a.ArgList] command line args: -X delete.config.xml
2013-03-06 10:40:13.094 DEBUG [o.v.h.u.a.ArgList] config file args: --jena vivo.model.xml --truncate 1
2013-03-06 10:40:13.099 TRACE [o.v.h.u.r.JenaConnect] 'dbLayout' - 'layout2'
2013-03-06 10:40:13.099 TRACE [o.v.h.u.r.JenaConnect] 'modelName' - 'http://vitro.mannlib.cornell.edu/a/graph/ws_fm2c_construct'
2013-03-06 10:40:13.099 TRACE [o.v.h.u.r.JenaConnect] 'dbUrl' - 'jdbc:mysql://127.0.0.1:3306/uccs_vivo'
2013-03-06 10:40:13.100 TRACE [o.v.h.u.r.JenaConnect] 'dbClass' - 'com.mysql.jdbc.Driver'
2013-03-06 10:40:13.100 TRACE [o.v.h.u.r.JenaConnect] 'dbType' - 'MySQL'
2013-03-06 10:40:13.100 TRACE [o.v.h.u.r.JenaConnect] 'type' - 'sdb'
2013-03-06 10:40:13.674 INFO  [o.v.h.u.r.JenaConnect] Removing all triples
2013-03-06 10:40:13.725 INFO  [o.v.h.u.r.JenaConnect] JenaConnect: End
2013-03-06 10:40:14.349 INFO  [o.v.h.t.SPARQLTranslator] SPARQLTranslator: Start
2013-03-06 10:40:14.352 DEBUG [o.v.h.u.a.ArgList] running SPARQLTranslator
2013-03-06 10:40:14.353 DEBUG [o.v.h.u.a.ArgList] command line args: -X facultyCountries.config.xml
2013-03-06 10:40:14.359 DEBUG [o.v.h.u.a.ArgList] config file args: --input harvested-data.model.xml --input vivo-country.model.xml --sparqlConstruct create-query --output vivo.model.xml
2013-03-06 10:40:14.365 TRACE [o.v.h.u.r.MemJenaConnect] attempting to create temp file for: urn&#58;x-arq&#58;UnionGraph
2013-03-06 10:40:14.393 TRACE [o.v.h.u.FileAide] Allocating temporary file space /var/folders/lj/qj39hmyx0_n2syq8ht7bdlym0000gp/T/urn&#58;x-arq&#58;UnionGraph4964169073292524223.tdb  
2013-03-06 10:40:14.393 TRACE [o.v.h.u.r.MemJenaConnect] created: /var/folders/lj/qj39hmyx0_n2syq8ht7bdlym0000gp/T/urn&#58;x-arq&#58;UnionGraph4964169073292524223.tdb
2013-03-06 10:40:14.902 TRACE [o.v.h.u.r.JenaConnect] 'dbDir' - 'data/harvested-data/'
2013-03-06 10:40:14.902 TRACE [o.v.h.u.r.JenaConnect] 'type' - 'tdb'
2013-03-06 10:40:15.852 TRACE [o.v.h.t.SPARQLTranslator] Input Model http://vivoweb.org/harvester/model/translate/model1 with 7009 statements
2013-03-06 10:40:15.855 TRACE [o.v.h.u.r.JenaConnect] 'dbLayout' - 'layout2'
2013-03-06 10:40:15.855 TRACE [o.v.h.u.r.JenaConnect] 'modelName' - 'http://vitro.mannlib.cornell.edu/filegraph/abox/geopolitical.abox.ver1.1-11-18-11.owl'
2013-03-06 10:40:15.855 TRACE [o.v.h.u.r.JenaConnect] 'dbUrl' - 'jdbc:mysql://127.0.0.1:3306/uccs_vivo'
2013-03-06 10:40:15.855 TRACE [o.v.h.u.r.JenaConnect] 'dbClass' - 'com.mysql.jdbc.Driver'
2013-03-06 10:40:15.855 TRACE [o.v.h.u.r.JenaConnect] 'dbType' - 'MySQL'
2013-03-06 10:40:15.855 TRACE [o.v.h.u.r.JenaConnect] 'type' - 'sdb'
2013-03-06 10:40:17.922 TRACE [o.v.h.t.SPARQLTranslator] Input Model http://vivoweb.org/harvester/model/translate/model2 with 22317 statements
2013-03-06 10:40:17.927 TRACE [o.v.h.u.r.JenaConnect] 'dbLayout' - 'layout2'
2013-03-06 10:40:17.927 TRACE [o.v.h.u.r.JenaConnect] 'modelName' - 'http://vitro.mannlib.cornell.edu/a/graph/ws_fm2c_construct'
2013-03-06 10:40:17.927 TRACE [o.v.h.u.r.JenaConnect] 'dbUrl' - 'jdbc:mysql://127.0.0.1:3306/uccs_vivo'
2013-03-06 10:40:17.928 TRACE [o.v.h.u.r.JenaConnect] 'dbClass' - 'com.mysql.jdbc.Driver'
2013-03-06 10:40:17.928 TRACE [o.v.h.u.r.JenaConnect] 'dbType' - 'MySQL'
2013-03-06 10:40:17.928 TRACE [o.v.h.u.r.JenaConnect] 'type' - 'sdb'
2013-03-06 10:40:17.962 TRACE [o.v.h.t.SPARQLTranslator] PREFIX core: <http://vivoweb.org/ontology/core#>  PREFIX fn: <http://www.w3.org/2005/xpath-functions#>  PREFIX rdf: <http://www.w3.org/1999/02/22-rdf-syntax-ns#>   Construct {     ?person <http://vivoweb.org/ontology/core#geographicFocus> ?country .     ?country rdf:type core:GeographicRegion .  }  Where  {       ?person <http://vivo.colorado.edu/ws_fm2c_URI> ?countryURI .       ?country a core:Country .       FILTER (fn:matches(?countryURI, str(?country)))  }
2013-03-06 10:40:18.280 TRACE [o.v.h.t.SPARQLTranslator] Input Jena's Total Size: 29326
2013-03-06 10:40:18.281 DEBUG [o.v.h.t.SPARQLTranslator] Executing Query
2013-03-06 10:40:18.281 TRACE [o.v.h.u.r.MemJenaConnect] attempting to create temp file for: DEFAULT1434720609
2013-03-06 10:40:18.281 TRACE [o.v.h.u.FileAide] Allocating temporary file space /var/folders/lj/qj39hmyx0_n2syq8ht7bdlym0000gp/T/DEFAULT14347206094950581679402505945.tdb  
2013-03-06 10:40:18.281 TRACE [o.v.h.u.r.MemJenaConnect] created: /var/folders/lj/qj39hmyx0_n2syq8ht7bdlym0000gp/T/DEFAULT14347206094950581679402505945.tdb
2013-03-06 10:40:18.493 DEBUG [o.v.h.t.SPARQLTranslator] <?xml version="1.0"?>
<rdf:RDF
    xmlns:geo="http://aims.fao.org/aos/geopolitical.owl#"
    xmlns:skos="http://www.w3.org/2004/02/skos/core#"
    xmlns:ero="http://purl.obolibrary.org/obo/"
    xmlns:event="http://purl.org/NET/c4dm/event.owl#"
    xmlns:fn="http://www.w3.org/2005/xpath-functions#"
    xmlns:pvs="http://vivoweb.org/ontology/provenance-support#"
    xmlns:dcelem="http://purl.org/dc/elements/1.1/"
    xmlns:core="http://vivoweb.org/ontology/core#"
    xmlns:swrlb="http://www.w3.org/2003/11/swrlb#"
    xmlns:vitro="http://vitro.mannlib.cornell.edu/ns/vitro/0.7#"
    xmlns:rdf="http://www.w3.org/1999/02/22-rdf-syntax-ns#"
    xmlns:bibo="http://purl.org/ontology/bibo/"
    xmlns:foaf="http://xmlns.com/foaf/0.1/"
    xmlns:owl="http://www.w3.org/2002/07/owl#"
    xmlns:dcterms="http://purl.org/dc/terms/"
    xmlns:scires="http://vivoweb.org/ontology/scientific-research#"
    xmlns:xsd="http://www.w3.org/2001/XMLSchema#"
    xmlns:swrl="http://www.w3.org/2003/11/swrl#"
    xmlns:vlocal="http://vivo.colorado.edu/ontology/vivo-fis#"
    xmlns:rdfs="http://www.w3.org/2000/01/rdf-schema#" > 
</rdf:RDF>

2013-03-06 10:40:18.497 TRACE [o.v.h.t.SPARQLTranslator] Total Size of Constructed Output: 0
2013-03-06 10:40:18.499 TRACE [o.v.h.t.SPARQLTranslator] Total Number of Elements: 0
2013-03-06 10:40:18.500 INFO  [o.v.h.t.SPARQLTranslator] Translation: End
2013-03-06 10:40:18.500 INFO  [o.v.h.t.SPARQLTranslator] SPARQLTranslator: End
2013-03-06 10:40:18.515 TRACE [o.v.h.u.FileAide] Deleted temporary file space /var/folders/lj/qj39hmyx0_n2syq8ht7bdlym0000gp/T/urn&#58;x-arq&#58;UnionGraph4964169073292524223.tdb  
2013-03-06 10:40:18.523 TRACE [o.v.h.u.FileAide] Deleted temporary file space /var/folders/lj/qj39hmyx0_n2syq8ht7bdlym0000gp/T/DEFAULT14347206094950581679402505945.tdb  
2013-03-06 10:40:19.192 INFO  [o.v.h.t.Transfer] Transfer: Start
2013-03-06 10:40:19.195 DEBUG [o.v.h.u.a.ArgList] running Transfer
2013-03-06 10:40:19.196 DEBUG [o.v.h.u.a.ArgList] command line args: -i vivo.model.xml -d data/constructed-data
2013-03-06 10:40:19.209 TRACE [o.v.h.u.r.JenaConnect] 'dbLayout' - 'layout2'
2013-03-06 10:40:19.209 TRACE [o.v.h.u.r.JenaConnect] 'modelName' - 'http://vitro.mannlib.cornell.edu/a/graph/ws_fm2c_construct'
2013-03-06 10:40:19.209 TRACE [o.v.h.u.r.JenaConnect] 'dbUrl' - 'jdbc:mysql://127.0.0.1:3306/uccs_vivo'
2013-03-06 10:40:19.209 TRACE [o.v.h.u.r.JenaConnect] 'dbClass' - 'com.mysql.jdbc.Driver'
2013-03-06 10:40:19.209 TRACE [o.v.h.u.r.JenaConnect] 'dbType' - 'MySQL'
2013-03-06 10:40:19.209 TRACE [o.v.h.u.r.JenaConnect] 'type' - 'sdb'
2013-03-06 10:40:19.809 TRACE [o.v.h.u.r.MemJenaConnect] attempting to create temp file for: DEFAULT1522531980
2013-03-06 10:40:19.810 TRACE [o.v.h.u.FileAide] Allocating temporary file space /var/folders/lj/qj39hmyx0_n2syq8ht7bdlym0000gp/T/DEFAULT15225319805158865796325345684.tdb  
2013-03-06 10:40:19.810 TRACE [o.v.h.u.r.MemJenaConnect] created: /var/folders/lj/qj39hmyx0_n2syq8ht7bdlym0000gp/T/DEFAULT15225319805158865796325345684.tdb
2013-03-06 10:40:19.975 DEBUG [o.v.h.t.Transfer] No Output Specified, Using In-Memory Jena Model As Temporary Model
2013-03-06 10:40:20.090 INFO  [o.v.h.t.Transfer] Transfer: End
2013-03-06 10:40:20.099 TRACE [o.v.h.u.FileAide] Deleted temporary file space /var/folders/lj/qj39hmyx0_n2syq8ht7bdlym0000gp/T/DEFAULT15225319805158865796325345684.tdb  
