2013-03-06 10:48:23.848 INFO  [o.v.h.f.CSVFetch] CSVFetch: Start
2013-03-06 10:48:23.851 DEBUG [o.v.h.u.a.ArgList] running CSVFetch
2013-03-06 10:48:23.851 DEBUG [o.v.h.u.a.ArgList] command line args: -X csvfetch.config.xml
2013-03-06 10:48:23.858 DEBUG [o.v.h.u.a.ArgList] config file args: --propertyPrefix ws_fm2c_ --file /Users/stwi5210/fis_faculty_member_countries.dat --uriPrefix fsid_ --uriParameter FISID --type COUNTRY --output harvested-data.model.xml --seperated , --namespace http://vivo.colorado.edu/
2013-03-06 10:48:23.867 TRACE [o.v.h.u.r.JenaConnect] 'dbDir' - 'data/harvested-data/'
2013-03-06 10:48:23.867 TRACE [o.v.h.u.r.JenaConnect] 'type' - 'tdb'
2013-03-06 10:48:25.663 INFO  [o.v.h.f.CSVFetch] CSVFetch: End
2013-03-06 10:48:26.606 INFO  [o.v.h.u.r.JenaConnect] JenaConnect: Start
2013-03-06 10:48:26.609 DEBUG [o.v.h.u.a.ArgList] running JenaConnect
2013-03-06 10:48:26.610 DEBUG [o.v.h.u.a.ArgList] command line args: -X delete.config.xml
2013-03-06 10:48:26.614 DEBUG [o.v.h.u.a.ArgList] config file args: --jena vivo.model.xml --truncate 1
2013-03-06 10:48:26.619 TRACE [o.v.h.u.r.JenaConnect] 'dbLayout' - 'layout2'
2013-03-06 10:48:26.619 TRACE [o.v.h.u.r.JenaConnect] 'modelName' - 'http://vitro.mannlib.cornell.edu/a/graph/ws_fm2c_construct'
2013-03-06 10:48:26.619 TRACE [o.v.h.u.r.JenaConnect] 'dbUrl' - 'jdbc:mysql://127.0.0.1:3306/uccs_vivo'
2013-03-06 10:48:26.619 TRACE [o.v.h.u.r.JenaConnect] 'dbClass' - 'com.mysql.jdbc.Driver'
2013-03-06 10:48:26.619 TRACE [o.v.h.u.r.JenaConnect] 'dbType' - 'MySQL'
2013-03-06 10:48:26.619 TRACE [o.v.h.u.r.JenaConnect] 'type' - 'sdb'
2013-03-06 10:48:27.194 INFO  [o.v.h.u.r.JenaConnect] Removing all triples
2013-03-06 10:48:27.245 INFO  [o.v.h.u.r.JenaConnect] JenaConnect: End
2013-03-06 10:48:27.863 INFO  [o.v.h.t.SPARQLTranslator] SPARQLTranslator: Start
2013-03-06 10:48:27.866 DEBUG [o.v.h.u.a.ArgList] running SPARQLTranslator
2013-03-06 10:48:27.867 DEBUG [o.v.h.u.a.ArgList] command line args: -X facultyCountries.config.xml
2013-03-06 10:48:27.872 DEBUG [o.v.h.u.a.ArgList] config file args: --input harvested-data.model.xml --input vivo-country.model.xml --sparqlConstruct create-query --output vivo.model.xml
2013-03-06 10:48:27.877 TRACE [o.v.h.u.r.MemJenaConnect] attempting to create temp file for: urn&#58;x-arq&#58;UnionGraph
2013-03-06 10:48:27.903 TRACE [o.v.h.u.FileAide] Allocating temporary file space /var/folders/lj/qj39hmyx0_n2syq8ht7bdlym0000gp/T/urn&#58;x-arq&#58;UnionGraph3715293446293613244.tdb  
2013-03-06 10:48:27.903 TRACE [o.v.h.u.r.MemJenaConnect] created: /var/folders/lj/qj39hmyx0_n2syq8ht7bdlym0000gp/T/urn&#58;x-arq&#58;UnionGraph3715293446293613244.tdb
2013-03-06 10:48:28.389 TRACE [o.v.h.u.r.JenaConnect] 'dbDir' - 'data/harvested-data/'
2013-03-06 10:48:28.389 TRACE [o.v.h.u.r.JenaConnect] 'type' - 'tdb'
2013-03-06 10:48:29.341 TRACE [o.v.h.t.SPARQLTranslator] Input Model http://vivoweb.org/harvester/model/translate/model1 with 7009 statements
2013-03-06 10:48:29.344 TRACE [o.v.h.u.r.JenaConnect] 'dbLayout' - 'layout2'
2013-03-06 10:48:29.344 TRACE [o.v.h.u.r.JenaConnect] 'modelName' - 'http://vitro.mannlib.cornell.edu/filegraph/abox/geopolitical.abox.ver1.1-11-18-11.owl'
2013-03-06 10:48:29.344 TRACE [o.v.h.u.r.JenaConnect] 'dbUrl' - 'jdbc:mysql://127.0.0.1:3306/uccs_vivo'
2013-03-06 10:48:29.344 TRACE [o.v.h.u.r.JenaConnect] 'dbClass' - 'com.mysql.jdbc.Driver'
2013-03-06 10:48:29.344 TRACE [o.v.h.u.r.JenaConnect] 'dbType' - 'MySQL'
2013-03-06 10:48:29.344 TRACE [o.v.h.u.r.JenaConnect] 'type' - 'sdb'
2013-03-06 10:48:31.466 TRACE [o.v.h.t.SPARQLTranslator] Input Model http://vivoweb.org/harvester/model/translate/model2 with 22317 statements
2013-03-06 10:48:31.471 TRACE [o.v.h.u.r.JenaConnect] 'dbLayout' - 'layout2'
2013-03-06 10:48:31.471 TRACE [o.v.h.u.r.JenaConnect] 'modelName' - 'http://vitro.mannlib.cornell.edu/a/graph/ws_fm2c_construct'
2013-03-06 10:48:31.471 TRACE [o.v.h.u.r.JenaConnect] 'dbUrl' - 'jdbc:mysql://127.0.0.1:3306/uccs_vivo'
2013-03-06 10:48:31.471 TRACE [o.v.h.u.r.JenaConnect] 'dbClass' - 'com.mysql.jdbc.Driver'
2013-03-06 10:48:31.471 TRACE [o.v.h.u.r.JenaConnect] 'dbType' - 'MySQL'
2013-03-06 10:48:31.472 TRACE [o.v.h.u.r.JenaConnect] 'type' - 'sdb'
2013-03-06 10:48:31.507 TRACE [o.v.h.t.SPARQLTranslator] PREFIX core: <http://vivoweb.org/ontology/core#>  PREFIX fn: <http://www.w3.org/2005/xpath-functions#>  PREFIX rdf: <http://www.w3.org/1999/02/22-rdf-syntax-ns#>   Construct {     ?person <http://vivoweb.org/ontology/core#geographicFocus> ?country .     ?country rdf:type core:GeographicRegion .  }  Where  {       ?person <http://vivo.colorado.edu/ws_fm2c_URI> ?countryURI .       ?country a core:Country .       FILTER (fn:matches(?countryURI, str(?country)))  }
2013-03-06 10:48:31.793 TRACE [o.v.h.t.SPARQLTranslator] Input Jena's Total Size: 29326
2013-03-06 10:48:31.794 DEBUG [o.v.h.t.SPARQLTranslator] Executing Query
2013-03-06 10:48:31.794 TRACE [o.v.h.u.r.MemJenaConnect] attempting to create temp file for: DEFAULT2048607139
2013-03-06 10:48:31.794 TRACE [o.v.h.u.FileAide] Allocating temporary file space /var/folders/lj/qj39hmyx0_n2syq8ht7bdlym0000gp/T/DEFAULT20486071397207801524893033818.tdb  
2013-03-06 10:48:31.794 TRACE [o.v.h.u.r.MemJenaConnect] created: /var/folders/lj/qj39hmyx0_n2syq8ht7bdlym0000gp/T/DEFAULT20486071397207801524893033818.tdb
2013-03-06 10:48:32.004 DEBUG [o.v.h.t.SPARQLTranslator] <?xml version="1.0"?>
<rdf:RDF
    xmlns:geo="http://aims.fao.org/aos/geopolitical.owl#"
    xmlns:skos="http://www.w3.org/2004/02/skos/core#"
    xmlns:ero="http://purl.obolibrary.org/obo/"
    xmlns:event="http://purl.org/NET/c4dm/event.owl#"
    xmlns:fn="http://www.w3.org/2005/xpath-functions#"
    xmlns:pvs="http://vivoweb.org/ontology/provenance-support#"
    xmlns:dcelem="http://purl.org/dc/elements/1.1/"
    xmlns:core="http://vivoweb.org/ontology/core#"
    xmlns:swrlb="http://www.w3.org/2003/11/swrlb#"
    xmlns:vitro="http://vitro.mannlib.cornell.edu/ns/vitro/0.7#"
    xmlns:rdf="http://www.w3.org/1999/02/22-rdf-syntax-ns#"
    xmlns:bibo="http://purl.org/ontology/bibo/"
    xmlns:foaf="http://xmlns.com/foaf/0.1/"
    xmlns:owl="http://www.w3.org/2002/07/owl#"
    xmlns:dcterms="http://purl.org/dc/terms/"
    xmlns:scires="http://vivoweb.org/ontology/scientific-research#"
    xmlns:xsd="http://www.w3.org/2001/XMLSchema#"
    xmlns:swrl="http://www.w3.org/2003/11/swrl#"
    xmlns:vlocal="http://vivo.colorado.edu/ontology/vivo-fis#"
    xmlns:rdfs="http://www.w3.org/2000/01/rdf-schema#" > 
</rdf:RDF>

2013-03-06 10:48:32.007 TRACE [o.v.h.t.SPARQLTranslator] Total Size of Constructed Output: 0
2013-03-06 10:48:32.009 TRACE [o.v.h.t.SPARQLTranslator] Total Number of Elements: 0
2013-03-06 10:48:32.009 INFO  [o.v.h.t.SPARQLTranslator] Translation: End
2013-03-06 10:48:32.010 INFO  [o.v.h.t.SPARQLTranslator] SPARQLTranslator: End
2013-03-06 10:48:32.019 TRACE [o.v.h.u.FileAide] Deleted temporary file space /var/folders/lj/qj39hmyx0_n2syq8ht7bdlym0000gp/T/urn&#58;x-arq&#58;UnionGraph3715293446293613244.tdb  
2013-03-06 10:48:32.026 TRACE [o.v.h.u.FileAide] Deleted temporary file space /var/folders/lj/qj39hmyx0_n2syq8ht7bdlym0000gp/T/DEFAULT20486071397207801524893033818.tdb  
2013-03-06 10:48:32.722 INFO  [o.v.h.t.Transfer] Transfer: Start
2013-03-06 10:48:32.726 DEBUG [o.v.h.u.a.ArgList] running Transfer
2013-03-06 10:48:32.727 DEBUG [o.v.h.u.a.ArgList] command line args: -i vivo.model.xml -d data/constructed-data
2013-03-06 10:48:32.740 TRACE [o.v.h.u.r.JenaConnect] 'dbLayout' - 'layout2'
2013-03-06 10:48:32.740 TRACE [o.v.h.u.r.JenaConnect] 'modelName' - 'http://vitro.mannlib.cornell.edu/a/graph/ws_fm2c_construct'
2013-03-06 10:48:32.740 TRACE [o.v.h.u.r.JenaConnect] 'dbUrl' - 'jdbc:mysql://127.0.0.1:3306/uccs_vivo'
2013-03-06 10:48:32.740 TRACE [o.v.h.u.r.JenaConnect] 'dbClass' - 'com.mysql.jdbc.Driver'
2013-03-06 10:48:32.740 TRACE [o.v.h.u.r.JenaConnect] 'dbType' - 'MySQL'
2013-03-06 10:48:32.740 TRACE [o.v.h.u.r.JenaConnect] 'type' - 'sdb'
2013-03-06 10:48:33.332 TRACE [o.v.h.u.r.MemJenaConnect] attempting to create temp file for: DEFAULT808365662
2013-03-06 10:48:33.332 TRACE [o.v.h.u.FileAide] Allocating temporary file space /var/folders/lj/qj39hmyx0_n2syq8ht7bdlym0000gp/T/DEFAULT8083656625435175962359268711.tdb  
2013-03-06 10:48:33.333 TRACE [o.v.h.u.r.MemJenaConnect] created: /var/folders/lj/qj39hmyx0_n2syq8ht7bdlym0000gp/T/DEFAULT8083656625435175962359268711.tdb
2013-03-06 10:48:33.503 DEBUG [o.v.h.t.Transfer] No Output Specified, Using In-Memory Jena Model As Temporary Model
2013-03-06 10:48:33.618 INFO  [o.v.h.t.Transfer] Transfer: End
2013-03-06 10:48:33.627 TRACE [o.v.h.u.FileAide] Deleted temporary file space /var/folders/lj/qj39hmyx0_n2syq8ht7bdlym0000gp/T/DEFAULT8083656625435175962359268711.tdb  
2013-03-06 10:48:34.285 INFO  [o.v.h.t.Transfer] Transfer: Start
2013-03-06 10:48:34.289 DEBUG [o.v.h.u.a.ArgList] running Transfer
2013-03-06 10:48:34.290 DEBUG [o.v.h.u.a.ArgList] command line args: -i vivo-country.model.xml -d data/constructed-data-country
2013-03-06 10:48:34.302 TRACE [o.v.h.u.r.JenaConnect] 'dbLayout' - 'layout2'
2013-03-06 10:48:34.302 TRACE [o.v.h.u.r.JenaConnect] 'modelName' - 'http://vitro.mannlib.cornell.edu/filegraph/abox/geopolitical.abox.ver1.1-11-18-11.owl'
2013-03-06 10:48:34.302 TRACE [o.v.h.u.r.JenaConnect] 'dbUrl' - 'jdbc:mysql://127.0.0.1:3306/uccs_vivo'
2013-03-06 10:48:34.303 TRACE [o.v.h.u.r.JenaConnect] 'dbClass' - 'com.mysql.jdbc.Driver'
2013-03-06 10:48:34.303 TRACE [o.v.h.u.r.JenaConnect] 'dbType' - 'MySQL'
2013-03-06 10:48:34.303 TRACE [o.v.h.u.r.JenaConnect] 'type' - 'sdb'
2013-03-06 10:48:34.900 TRACE [o.v.h.u.r.MemJenaConnect] attempting to create temp file for: DEFAULT1728025906
2013-03-06 10:48:34.900 TRACE [o.v.h.u.FileAide] Allocating temporary file space /var/folders/lj/qj39hmyx0_n2syq8ht7bdlym0000gp/T/DEFAULT1728025906247787502447974496.tdb  
2013-03-06 10:48:34.900 TRACE [o.v.h.u.r.MemJenaConnect] created: /var/folders/lj/qj39hmyx0_n2syq8ht7bdlym0000gp/T/DEFAULT1728025906247787502447974496.tdb
2013-03-06 10:48:35.068 DEBUG [o.v.h.t.Transfer] No Output Specified, Using In-Memory Jena Model As Temporary Model
2013-03-06 10:48:37.408 INFO  [o.v.h.t.Transfer] Transfer: End
2013-03-06 10:48:37.419 TRACE [o.v.h.u.FileAide] Deleted temporary file space /var/folders/lj/qj39hmyx0_n2syq8ht7bdlym0000gp/T/DEFAULT1728025906247787502447974496.tdb  
